0 verbose cli /data/data/com.termux/files/usr/bin/node /data/data/com.termux/files/usr/bin/npm
1 info using npm@10.9.3
2 info using node@v22.19.0
3 silly config load:file:/data/data/com.termux/files/usr/lib/node_modules/npm/npmrc
4 silly config load:file:/storage/emulated/0/Download/vish-marketplace/backend/.npmrc
5 silly config load:file:/data/data/com.termux/files/home/.npmrc
6 silly config load:file:/data/data/com.termux/files/usr/etc/npmrc
7 verbose title npm list express mongoose cors dotenv bcryptjs jsonwebtoken
8 verbose argv "list" "express" "mongoose" "cors" "dotenv" "bcryptjs" "jsonwebtoken"
9 verbose logfile logs-max:10 dir:/data/data/com.termux/files/home/.npm/_logs/2025-09-18T07_34_01_519Z-
10 verbose logfile /data/data/com.termux/files/home/.npm/_logs/2025-09-18T07_34_01_519Z-debug-0.log
11 silly logfile start cleaning logs, removing 1 files
12 silly packumentCache heap:1098907648 maxSize:274726912 maxEntrySize:137363456
13 silly logfile done cleaning log files
14 verbose cwd /storage/emulated/0/Download/vish-marketplace/backend
15 verbose os Linux 4.9.112-17018887
16 verbose node v22.19.0
17 verbose npm  v10.9.3
18 verbose exit 0
19 info ok
