0 verbose cli /data/data/com.termux/files/usr/bin/node /data/data/com.termux/files/usr/bin/npm
1 info using npm@10.9.3
2 info using node@v22.19.0
3 silly config load:file:/data/data/com.termux/files/usr/lib/node_modules/npm/npmrc
4 silly config load:file:/storage/emulated/0/Download/vish-marketplace/backend/.npmrc
5 silly config load:file:/data/data/com.termux/files/home/.npmrc
6 silly config load:file:/data/data/com.termux/files/usr/etc/npmrc
7 verbose title npm install express cors dotenv
8 verbose argv "install" "--no-bin-links" "express" "cors" "dotenv"
9 verbose logfile logs-max:10 dir:/data/data/com.termux/files/home/.npm/_logs/2025-09-18T09_42_41_634Z-
10 verbose logfile /data/data/com.termux/files/home/.npm/_logs/2025-09-18T09_42_41_634Z-debug-0.log
11 silly logfile start cleaning logs, removing 1 files
12 silly packumentCache heap:1098907648 maxSize:274726912 maxEntrySize:137363456
13 silly logfile done cleaning log files
14 silly idealTree buildDeps
15 silly fetch manifest express@*
16 silly packumentCache full:https://registry.npmjs.org/express cache-miss
17 http fetch GET https://registry.npmjs.org/express attempt 1 failed with ENOTFOUND
18 http fetch GET 200 https://registry.npmjs.org/express 26800ms (cache revalidated)
19 silly packumentCache full:https://registry.npmjs.org/express set size:796269 disposed:false
20 silly fetch manifest cors@*
21 silly packumentCache full:https://registry.npmjs.org/cors cache-miss
22 http fetch GET 200 https://registry.npmjs.org/cors 244ms (cache revalidated)
23 silly packumentCache full:https://registry.npmjs.org/cors set size:73833 disposed:false
24 silly fetch manifest dotenv@*
25 silly packumentCache full:https://registry.npmjs.org/dotenv cache-miss
26 http fetch GET 200 https://registry.npmjs.org/dotenv 241ms (cache revalidated)
27 silly packumentCache full:https://registry.npmjs.org/dotenv set size:258824 disposed:false
28 silly placeDep ROOT cors@2.8.5 OK for: backend@1.0.0 want: *
29 silly placeDep ROOT dotenv@17.2.2 OK for: backend@1.0.0 want: *
30 silly placeDep ROOT express@5.1.0 OK for: backend@1.0.0 want: *
31 silly fetch manifest vary@^1
32 silly packumentCache full:https://registry.npmjs.org/vary cache-miss
33 silly fetch manifest object-assign@^4
34 silly packumentCache full:https://registry.npmjs.org/object-assign cache-miss
35 silly fetch manifest qs@^6.14.0
36 silly packumentCache full:https://registry.npmjs.org/qs cache-miss
37 silly fetch manifest etag@^1.8.1
38 silly packumentCache full:https://registry.npmjs.org/etag cache-miss
39 silly fetch manifest once@^1.4.0
40 silly packumentCache full:https://registry.npmjs.org/once cache-miss
41 silly fetch manifest send@^1.1.0
42 silly packumentCache full:https://registry.npmjs.org/send cache-miss
43 silly fetch manifest vary@^1.1.2
44 silly packumentCache full:https://registry.npmjs.org/vary cache-miss
45 http fetch GET 200 https://registry.npmjs.org/etag 240ms (cache revalidated)
46 silly packumentCache full:https://registry.npmjs.org/etag set size:30032 disposed:false
47 silly fetch manifest debug@^4.4.0
48 silly packumentCache full:https://registry.npmjs.org/debug cache-miss
49 http fetch GET 200 https://registry.npmjs.org/debug 216ms (cache revalidated)
50 silly packumentCache full:https://registry.npmjs.org/debug set size:195840 disposed:false
51 silly fetch manifest fresh@^2.0.0
52 silly packumentCache full:https://registry.npmjs.org/fresh cache-miss
53 http fetch GET 200 https://registry.npmjs.org/fresh 232ms (cache revalidated)
54 silly packumentCache full:https://registry.npmjs.org/fresh set size:25427 disposed:false
55 silly fetch manifest cookie@^0.7.1
56 silly packumentCache full:https://registry.npmjs.org/cookie cache-miss
57 http fetch GET 200 https://registry.npmjs.org/qs 908ms (cache revalidated)
58 silly packumentCache full:https://registry.npmjs.org/qs set size:264677 disposed:false
59 silly fetch manifest router@^2.2.0
60 silly packumentCache full:https://registry.npmjs.org/router cache-miss
61 http fetch GET 200 https://registry.npmjs.org/cookie 206ms (cache revalidated)
62 silly packumentCache full:https://registry.npmjs.org/cookie set size:67180 disposed:false
63 silly fetch manifest accepts@^2.0.0
64 silly packumentCache full:https://registry.npmjs.org/accepts cache-miss
65 http fetch GET 200 https://registry.npmjs.org/accepts 198ms (cache revalidated)
66 silly packumentCache full:https://registry.npmjs.org/accepts set size:77054 disposed:false
67 silly fetch manifest type-is@^2.0.1
68 silly packumentCache full:https://registry.npmjs.org/type-is cache-miss
69 http fetch GET 200 https://registry.npmjs.org/router 259ms (cache revalidated)
70 silly packumentCache full:https://registry.npmjs.org/router set size:116499 disposed:false
71 silly fetch manifest parseurl@^1.3.3
72 silly packumentCache full:https://registry.npmjs.org/parseurl cache-miss
73 http fetch GET 200 https://registry.npmjs.org/type-is 214ms (cache revalidated)
74 silly packumentCache full:https://registry.npmjs.org/type-is set size:86196 disposed:false
75 silly fetch manifest statuses@^2.0.1
76 silly packumentCache full:https://registry.npmjs.org/statuses cache-miss
77 http fetch GET 200 https://registry.npmjs.org/parseurl 208ms (cache revalidated)
78 silly packumentCache full:https://registry.npmjs.org/parseurl set size:24148 disposed:false
79 silly fetch manifest encodeurl@^2.0.0
80 silly packumentCache full:https://registry.npmjs.org/encodeurl cache-miss
81 http fetch GET 200 https://registry.npmjs.org/encodeurl 224ms (cache revalidated)
82 silly packumentCache full:https://registry.npmjs.org/encodeurl set size:12296 disposed:false
83 silly fetch manifest mime-types@^3.0.0
84 silly packumentCache full:https://registry.npmjs.org/mime-types cache-miss
85 http fetch GET 200 https://registry.npmjs.org/statuses 244ms (cache revalidated)
86 silly packumentCache full:https://registry.npmjs.org/statuses set size:37117 disposed:false
87 silly fetch manifest proxy-addr@^2.0.7
88 silly packumentCache full:https://registry.npmjs.org/proxy-addr cache-miss
89 http fetch GET 200 https://registry.npmjs.org/proxy-addr 214ms (cache revalidated)
90 silly packumentCache full:https://registry.npmjs.org/proxy-addr set size:61619 disposed:false
91 silly fetch manifest body-parser@^2.2.0
92 silly packumentCache full:https://registry.npmjs.org/body-parser cache-miss
93 http fetch GET 200 https://registry.npmjs.org/mime-types 247ms (cache revalidated)
94 silly packumentCache full:https://registry.npmjs.org/mime-types set size:136716 disposed:false
95 silly fetch manifest escape-html@^1.0.3
96 silly packumentCache full:https://registry.npmjs.org/escape-html cache-miss
97 http fetch GET 200 https://registry.npmjs.org/once 1944ms (cache revalidated)
98 silly packumentCache full:https://registry.npmjs.org/once set size:11768 disposed:false
99 silly fetch manifest http-errors@^2.0.0
100 silly packumentCache full:https://registry.npmjs.org/http-errors cache-miss
101 http fetch GET 200 https://registry.npmjs.org/vary 1963ms (cache revalidated)
102 silly packumentCache full:https://registry.npmjs.org/vary set size:16018 disposed:false
103 silly fetch manifest on-finished@^2.4.1
104 silly packumentCache full:https://registry.npmjs.org/on-finished cache-miss
105 http fetch GET 200 https://registry.npmjs.org/http-errors 328ms (cache revalidated)
106 silly packumentCache full:https://registry.npmjs.org/http-errors set size:69537 disposed:false
107 silly fetch manifest content-type@^1.0.5
108 silly packumentCache full:https://registry.npmjs.org/content-type cache-miss
109 http fetch GET 200 https://registry.npmjs.org/on-finished 325ms (cache revalidated)
110 silly packumentCache full:https://registry.npmjs.org/on-finished set size:23212 disposed:false
111 silly fetch manifest finalhandler@^2.1.0
112 silly packumentCache full:https://registry.npmjs.org/finalhandler cache-miss
113 http fetch GET 200 https://registry.npmjs.org/escape-html 368ms (cache revalidated)
114 silly packumentCache full:https://registry.npmjs.org/escape-html set size:7345 disposed:false
115 silly fetch manifest range-parser@^1.2.1
116 silly packumentCache full:https://registry.npmjs.org/range-parser cache-miss
117 http fetch GET 200 https://registry.npmjs.org/body-parser 399ms (cache revalidated)
118 silly packumentCache full:https://registry.npmjs.org/body-parser set size:209520 disposed:false
119 silly fetch manifest serve-static@^2.2.0
120 silly packumentCache full:https://registry.npmjs.org/serve-static cache-miss
121 http fetch GET 200 https://registry.npmjs.org/content-type 196ms (cache revalidated)
122 silly packumentCache full:https://registry.npmjs.org/content-type set size:17311 disposed:false
123 silly fetch manifest cookie-signature@^1.2.1
124 silly packumentCache full:https://registry.npmjs.org/cookie-signature cache-miss
125 http fetch GET 200 https://registry.npmjs.org/finalhandler 200ms (cache revalidated)
126 silly packumentCache full:https://registry.npmjs.org/finalhandler set size:74406 disposed:false
127 silly fetch manifest merge-descriptors@^2.0.0
128 silly packumentCache full:https://registry.npmjs.org/merge-descriptors cache-miss
129 http fetch GET 200 https://registry.npmjs.org/range-parser 203ms (cache revalidated)
130 silly packumentCache full:https://registry.npmjs.org/range-parser set size:22228 disposed:false
131 silly fetch manifest content-disposition@^1.0.0
132 silly packumentCache full:https://registry.npmjs.org/content-disposition cache-miss
133 http fetch GET 200 https://registry.npmjs.org/serve-static 200ms (cache revalidated)
134 silly packumentCache full:https://registry.npmjs.org/serve-static set size:145938 disposed:false
135 http fetch GET 200 https://registry.npmjs.org/merge-descriptors 197ms (cache revalidated)
136 silly packumentCache full:https://registry.npmjs.org/merge-descriptors set size:16527 disposed:false
137 http fetch GET 200 https://registry.npmjs.org/cookie-signature 215ms (cache revalidated)
138 silly packumentCache full:https://registry.npmjs.org/cookie-signature set size:21777 disposed:false
139 http fetch GET 200 https://registry.npmjs.org/content-disposition 203ms (cache revalidated)
140 silly packumentCache full:https://registry.npmjs.org/content-disposition set size:26893 disposed:false
