0 verbose cli /data/data/com.termux/files/usr/bin/node /data/data/com.termux/files/usr/bin/npm
1 info using npm@10.9.3
2 info using node@v22.19.0
3 silly config load:file:/data/data/com.termux/files/usr/lib/node_modules/npm/npmrc
4 silly config load:file:/storage/emulated/0/Download/vish-marketplace/backend/.npmrc
5 silly config load:file:/data/data/com.termux/files/home/.npmrc
6 silly config load:file:/data/data/com.termux/files/usr/etc/npmrc
7 verbose title npm install express mongoose cors dotenv bcryptjs jsonwebtoken
8 verbose argv "install" "express" "mongoose" "cors" "dotenv" "bcryptjs" "jsonwebtoken" "--no-bin-links"
9 verbose logfile logs-max:10 dir:/data/data/com.termux/files/home/.npm/_logs/2025-09-18T09_05_08_465Z-
10 verbose logfile /data/data/com.termux/files/home/.npm/_logs/2025-09-18T09_05_08_465Z-debug-0.log
11 silly logfile start cleaning logs, removing 1 files
12 silly packumentCache heap:1098907648 maxSize:274726912 maxEntrySize:137363456
13 silly logfile done cleaning log files
14 silly idealTree buildDeps
15 silly fetch manifest express@*
16 silly packumentCache full:https://registry.npmjs.org/express cache-miss
17 http fetch GET https://registry.npmjs.org/express attempt 1 failed with ENOTFOUND
18 http fetch GET 200 https://registry.npmjs.org/express 41704ms (cache revalidated)
19 silly packumentCache full:https://registry.npmjs.org/express set size:796269 disposed:false
20 silly fetch manifest mongoose@*
21 silly packumentCache full:https://registry.npmjs.org/mongoose cache-miss
22 http fetch GET 200 https://registry.npmjs.org/mongoose 395ms (cache revalidated)
23 silly packumentCache full:https://registry.npmjs.org/mongoose set size:3812718 disposed:false
24 silly fetch manifest cors@*
25 silly packumentCache full:https://registry.npmjs.org/cors cache-miss
26 http fetch GET 200 https://registry.npmjs.org/cors 202ms (cache revalidated)
27 silly packumentCache full:https://registry.npmjs.org/cors set size:73833 disposed:false
28 silly fetch manifest dotenv@*
29 silly packumentCache full:https://registry.npmjs.org/dotenv cache-miss
30 http fetch GET 200 https://registry.npmjs.org/dotenv 217ms (cache revalidated)
31 silly packumentCache full:https://registry.npmjs.org/dotenv set size:258824 disposed:false
32 silly fetch manifest bcryptjs@*
33 silly packumentCache full:https://registry.npmjs.org/bcryptjs cache-miss
34 http fetch GET 200 https://registry.npmjs.org/bcryptjs 180ms (cache revalidated)
35 silly packumentCache full:https://registry.npmjs.org/bcryptjs set size:77787 disposed:false
36 silly fetch manifest jsonwebtoken@*
37 silly packumentCache full:https://registry.npmjs.org/jsonwebtoken cache-miss
38 http fetch GET 200 https://registry.npmjs.org/jsonwebtoken 201ms (cache revalidated)
39 silly packumentCache full:https://registry.npmjs.org/jsonwebtoken set size:181305 disposed:false
40 silly placeDep ROOT bcryptjs@3.0.2 OK for: backend@1.0.0 want: *
41 silly placeDep ROOT cors@2.8.5 OK for: backend@1.0.0 want: *
42 silly placeDep ROOT dotenv@17.2.2 OK for: backend@1.0.0 want: *
43 silly placeDep ROOT express@5.1.0 OK for: backend@1.0.0 want: *
44 silly placeDep ROOT jsonwebtoken@9.0.2 OK for: backend@1.0.0 want: *
45 silly placeDep ROOT mongoose@8.18.1 OK for: backend@1.0.0 want: *
46 silly fetch manifest vary@^1
47 silly packumentCache full:https://registry.npmjs.org/vary cache-miss
48 silly fetch manifest object-assign@^4
49 silly packumentCache full:https://registry.npmjs.org/object-assign cache-miss
50 silly fetch manifest qs@^6.14.0
51 silly packumentCache full:https://registry.npmjs.org/qs cache-miss
52 silly fetch manifest etag@^1.8.1
53 silly packumentCache full:https://registry.npmjs.org/etag cache-miss
54 silly fetch manifest once@^1.4.0
55 silly packumentCache full:https://registry.npmjs.org/once cache-miss
56 silly fetch manifest send@^1.1.0
57 silly packumentCache full:https://registry.npmjs.org/send cache-miss
58 silly fetch manifest vary@^1.1.2
59 silly packumentCache full:https://registry.npmjs.org/vary cache-miss
60 http fetch GET 200 https://registry.npmjs.org/vary 188ms (cache revalidated)
61 silly packumentCache full:https://registry.npmjs.org/vary set size:16018 disposed:false
62 silly fetch manifest debug@^4.4.0
63 silly packumentCache full:https://registry.npmjs.org/debug cache-miss
64 http fetch GET 200 https://registry.npmjs.org/debug 188ms (cache revalidated)
65 silly packumentCache full:https://registry.npmjs.org/debug set size:195840 disposed:false
66 silly fetch manifest fresh@^2.0.0
67 silly packumentCache full:https://registry.npmjs.org/fresh cache-miss
68 http fetch GET 200 https://registry.npmjs.org/fresh 248ms (cache revalidated)
69 silly packumentCache full:https://registry.npmjs.org/fresh set size:25427 disposed:false
70 silly fetch manifest cookie@^0.7.1
71 silly packumentCache full:https://registry.npmjs.org/cookie cache-miss
72 http fetch GET 200 https://registry.npmjs.org/cookie 176ms (cache revalidated)
73 silly packumentCache full:https://registry.npmjs.org/cookie set size:67180 disposed:false
74 silly fetch manifest router@^2.2.0
75 silly packumentCache full:https://registry.npmjs.org/router cache-miss
76 http fetch GET 200 https://registry.npmjs.org/router 380ms (cache revalidated)
77 silly packumentCache full:https://registry.npmjs.org/router set size:116499 disposed:false
78 silly fetch manifest accepts@^2.0.0
79 silly packumentCache full:https://registry.npmjs.org/accepts cache-miss
80 http fetch GET 200 https://registry.npmjs.org/accepts 190ms (cache revalidated)
81 silly packumentCache full:https://registry.npmjs.org/accepts set size:77054 disposed:false
82 silly fetch manifest type-is@^2.0.1
83 silly packumentCache full:https://registry.npmjs.org/type-is cache-miss
84 http fetch GET 200 https://registry.npmjs.org/type-is 218ms (cache revalidated)
85 silly packumentCache full:https://registry.npmjs.org/type-is set size:86196 disposed:false
86 silly fetch manifest parseurl@^1.3.3
87 silly packumentCache full:https://registry.npmjs.org/parseurl cache-miss
88 http fetch GET 200 https://registry.npmjs.org/parseurl 254ms (cache revalidated)
89 silly packumentCache full:https://registry.npmjs.org/parseurl set size:24148 disposed:false
90 silly fetch manifest statuses@^2.0.1
91 silly packumentCache full:https://registry.npmjs.org/statuses cache-miss
92 http fetch GET 200 https://registry.npmjs.org/statuses 220ms (cache revalidated)
93 silly packumentCache full:https://registry.npmjs.org/statuses set size:37117 disposed:false
94 silly fetch manifest encodeurl@^2.0.0
95 silly packumentCache full:https://registry.npmjs.org/encodeurl cache-miss
96 http fetch GET 200 https://registry.npmjs.org/encodeurl 183ms (cache revalidated)
97 silly packumentCache full:https://registry.npmjs.org/encodeurl set size:12296 disposed:false
98 silly fetch manifest mime-types@^3.0.0
99 silly packumentCache full:https://registry.npmjs.org/mime-types cache-miss
100 http fetch GET 200 https://registry.npmjs.org/mime-types 215ms (cache revalidated)
101 silly packumentCache full:https://registry.npmjs.org/mime-types set size:136716 disposed:false
102 silly fetch manifest proxy-addr@^2.0.7
103 silly packumentCache full:https://registry.npmjs.org/proxy-addr cache-miss
104 http fetch GET 200 https://registry.npmjs.org/proxy-addr 218ms (cache revalidated)
105 silly packumentCache full:https://registry.npmjs.org/proxy-addr set size:61619 disposed:false
106 silly fetch manifest body-parser@^2.2.0
107 silly packumentCache full:https://registry.npmjs.org/body-parser cache-miss
108 http fetch GET 200 https://registry.npmjs.org/body-parser 180ms (cache revalidated)
109 silly packumentCache full:https://registry.npmjs.org/body-parser set size:209520 disposed:false
110 silly fetch manifest escape-html@^1.0.3
111 silly packumentCache full:https://registry.npmjs.org/escape-html cache-miss
112 http fetch GET 200 https://registry.npmjs.org/escape-html 173ms (cache revalidated)
113 silly packumentCache full:https://registry.npmjs.org/escape-html set size:7345 disposed:false
114 silly fetch manifest http-errors@^2.0.0
115 silly packumentCache full:https://registry.npmjs.org/http-errors cache-miss
116 http fetch GET 200 https://registry.npmjs.org/http-errors 196ms (cache revalidated)
117 silly packumentCache full:https://registry.npmjs.org/http-errors set size:69537 disposed:false
118 silly fetch manifest on-finished@^2.4.1
119 silly packumentCache full:https://registry.npmjs.org/on-finished cache-miss
120 http fetch GET 200 https://registry.npmjs.org/on-finished 193ms (cache revalidated)
121 silly packumentCache full:https://registry.npmjs.org/on-finished set size:23212 disposed:false
122 silly fetch manifest content-type@^1.0.5
123 silly packumentCache full:https://registry.npmjs.org/content-type cache-miss
124 http fetch GET 200 https://registry.npmjs.org/content-type 197ms (cache revalidated)
125 silly packumentCache full:https://registry.npmjs.org/content-type set size:17311 disposed:false
126 silly fetch manifest finalhandler@^2.1.0
127 silly packumentCache full:https://registry.npmjs.org/finalhandler cache-miss
128 http fetch GET 200 https://registry.npmjs.org/finalhandler 225ms (cache revalidated)
129 silly packumentCache full:https://registry.npmjs.org/finalhandler set size:74406 disposed:false
130 silly fetch manifest range-parser@^1.2.1
131 silly packumentCache full:https://registry.npmjs.org/range-parser cache-miss
132 http fetch GET 200 https://registry.npmjs.org/range-parser 183ms (cache revalidated)
133 silly packumentCache full:https://registry.npmjs.org/range-parser set size:22228 disposed:false
134 silly fetch manifest serve-static@^2.2.0
135 silly packumentCache full:https://registry.npmjs.org/serve-static cache-miss
136 http fetch GET 200 https://registry.npmjs.org/serve-static 219ms (cache revalidated)
137 silly packumentCache full:https://registry.npmjs.org/serve-static set size:145938 disposed:false
138 silly fetch manifest cookie-signature@^1.2.1
139 silly packumentCache full:https://registry.npmjs.org/cookie-signature cache-miss
140 http fetch GET 200 https://registry.npmjs.org/cookie-signature 207ms (cache revalidated)
141 silly packumentCache full:https://registry.npmjs.org/cookie-signature set size:21777 disposed:false
142 silly fetch manifest merge-descriptors@^2.0.0
143 silly packumentCache full:https://registry.npmjs.org/merge-descriptors cache-miss
144 http fetch GET 200 https://registry.npmjs.org/merge-descriptors 179ms (cache revalidated)
145 silly packumentCache full:https://registry.npmjs.org/merge-descriptors set size:16527 disposed:false
146 silly fetch manifest content-disposition@^1.0.0
147 silly packumentCache full:https://registry.npmjs.org/content-disposition cache-miss
148 http fetch GET 200 https://registry.npmjs.org/content-disposition 221ms (cache revalidated)
149 silly packumentCache full:https://registry.npmjs.org/content-disposition set size:26893 disposed:false
150 silly fetch manifest ms@^2.1.1
151 silly packumentCache full:https://registry.npmjs.org/ms cache-miss
152 http fetch GET 200 https://registry.npmjs.org/ms 199ms (cache revalidated)
153 silly packumentCache full:https://registry.npmjs.org/ms set size:92208 disposed:false
154 silly fetch manifest jws@^3.2.2
155 silly packumentCache full:https://registry.npmjs.org/jws cache-miss
156 http fetch GET 200 https://registry.npmjs.org/jws 198ms (cache revalidated)
157 silly packumentCache full:https://registry.npmjs.org/jws set size:45532 disposed:false
158 silly fetch manifest semver@^7.5.4
159 silly packumentCache full:https://registry.npmjs.org/semver cache-miss
160 http fetch GET 200 https://registry.npmjs.org/semver 212ms (cache revalidated)
161 silly packumentCache full:https://registry.npmjs.org/semver set size:224186 disposed:false
162 silly fetch manifest lodash.once@^4.0.0
163 silly packumentCache full:https://registry.npmjs.org/lodash.once cache-miss
164 http fetch GET 200 https://registry.npmjs.org/lodash.once 547ms (cache revalidated)
165 silly packumentCache full:https://registry.npmjs.org/lodash.once set size:23407 disposed:false
166 silly fetch manifest lodash.includes@^4.3.0
167 silly packumentCache full:https://registry.npmjs.org/lodash.includes cache-miss
168 http fetch GET 200 https://registry.npmjs.org/lodash.includes 195ms (cache revalidated)
169 silly packumentCache full:https://registry.npmjs.org/lodash.includes set size:27594 disposed:false
170 silly fetch manifest lodash.isnumber@^3.0.3
171 silly packumentCache full:https://registry.npmjs.org/lodash.isnumber cache-miss
172 http fetch GET 200 https://registry.npmjs.org/lodash.isnumber 214ms (cache revalidated)
173 silly packumentCache full:https://registry.npmjs.org/lodash.isnumber set size:21368 disposed:false
174 silly fetch manifest lodash.isstring@^4.0.1
175 silly packumentCache full:https://registry.npmjs.org/lodash.isstring cache-miss
176 http fetch GET 200 https://registry.npmjs.org/lodash.isstring 221ms (cache revalidated)
177 silly packumentCache full:https://registry.npmjs.org/lodash.isstring set size:21368 disposed:false
178 silly fetch manifest lodash.isboolean@^3.0.3
179 silly packumentCache full:https://registry.npmjs.org/lodash.isboolean cache-miss
180 http fetch GET 200 https://registry.npmjs.org/lodash.isboolean 243ms (cache revalidated)
181 silly packumentCache full:https://registry.npmjs.org/lodash.isboolean set size:21437 disposed:false
182 silly fetch manifest lodash.isinteger@^4.0.4
183 silly packumentCache full:https://registry.npmjs.org/lodash.isinteger cache-miss
184 http fetch GET 200 https://registry.npmjs.org/lodash.isinteger 192ms (cache revalidated)
185 silly packumentCache full:https://registry.npmjs.org/lodash.isinteger set size:10827 disposed:false
186 silly fetch manifest lodash.isplainobject@^4.0.6
187 silly packumentCache full:https://registry.npmjs.org/lodash.isplainobject cache-miss
188 http fetch GET 200 https://registry.npmjs.org/lodash.isplainobject 176ms (cache revalidated)
189 silly packumentCache full:https://registry.npmjs.org/lodash.isplainobject set size:38531 disposed:false
190 silly fetch manifest bson@^6.10.4
191 silly packumentCache full:https://registry.npmjs.org/bson cache-miss
192 http fetch GET 200 https://registry.npmjs.org/bson 242ms (cache revalidated)
193 silly packumentCache full:https://registry.npmjs.org/bson set size:547800 disposed:false
194 silly fetch manifest kareem@2.6.3
195 silly packumentCache full:https://registry.npmjs.org/kareem cache-miss
196 http fetch GET 200 https://registry.npmjs.org/kareem 228ms (cache revalidated)
197 silly packumentCache full:https://registry.npmjs.org/kareem set size:111752 disposed:false
198 silly fetch manifest mongodb@~6.18.0
199 silly packumentCache full:https://registry.npmjs.org/mongodb cache-miss
200 http fetch GET 200 https://registry.npmjs.org/mongodb 232ms (cache revalidated)
201 silly packumentCache full:https://registry.npmjs.org/mongodb set size:3524125 disposed:false
202 silly fetch manifest mpath@0.9.0
203 silly packumentCache full:https://registry.npmjs.org/mpath cache-miss
204 http fetch GET 200 https://registry.npmjs.org/mpath 190ms (cache revalidated)
205 silly packumentCache full:https://registry.npmjs.org/mpath set size:50832 disposed:false
206 silly fetch manifest mquery@5.0.0
207 silly packumentCache full:https://registry.npmjs.org/mquery cache-miss
208 http fetch GET 200 https://registry.npmjs.org/mquery 224ms (cache revalidated)
209 silly packumentCache full:https://registry.npmjs.org/mquery set size:204830 disposed:false
210 silly fetch manifest ms@2.1.3
211 silly packumentCache full:https://registry.npmjs.org/ms cache-hit
212 silly fetch manifest sift@17.1.3
213 silly packumentCache full:https://registry.npmjs.org/sift cache-miss
214 http fetch GET 200 https://registry.npmjs.org/sift 192ms (cache revalidated)
215 silly packumentCache full:https://registry.npmjs.org/sift set size:398463 disposed:false
216 http fetch GET 200 https://registry.npmjs.org/send 68860ms (cache revalidated)
217 silly packumentCache full:https://registry.npmjs.org/send set size:147586 disposed:false
218 http fetch GET 200 https://registry.npmjs.org/once 69017ms (cache revalidated)
219 silly packumentCache full:https://registry.npmjs.org/once set size:11768 disposed:false
220 http fetch GET https://registry.npmjs.org/etag attempt 1 failed with ETIMEDOUT
221 http fetch GET https://registry.npmjs.org/vary attempt 1 failed with ETIMEDOUT
222 http fetch GET https://registry.npmjs.org/qs attempt 1 failed with ETIMEDOUT
223 http fetch GET https://registry.npmjs.org/object-assign attempt 1 failed with ETIMEDOUT
224 http fetch GET 200 https://registry.npmjs.org/etag 146253ms (cache revalidated)
225 silly packumentCache full:https://registry.npmjs.org/etag set size:30032 disposed:false
226 http fetch GET 200 https://registry.npmjs.org/vary 147338ms (cache revalidated)
227 silly packumentCache full:https://registry.npmjs.org/vary set size:16018 disposed:false
228 silly packumentCache full:https://registry.npmjs.org/vary dispose
229 http fetch GET https://registry.npmjs.org/object-assign attempt 2 failed with ETIMEDOUT
230 http fetch GET https://registry.npmjs.org/qs attempt 2 failed with ETIMEDOUT
231 http fetch GET https://registry.npmjs.org/object-assign attempt 3 failed with ENOTFOUND
232 http fetch GET https://registry.npmjs.org/qs attempt 3 failed with ENOTFOUND
233 http fetch GET 200 https://registry.npmjs.org/object-assign 735017ms (cache stale)
234 silly packumentCache full:https://registry.npmjs.org/object-assign set size:28988 disposed:false
235 http fetch GET 200 https://registry.npmjs.org/qs 735031ms (cache stale)
236 silly packumentCache full:https://registry.npmjs.org/qs set size:264677 disposed:false
237 silly placeDep ROOT object-assign@4.1.1 OK for: cors@2.8.5 want: ^4
238 silly placeDep ROOT vary@1.1.2 OK for: cors@2.8.5 want: ^1
239 silly placeDep ROOT accepts@2.0.0 OK for: express@5.1.0 want: ^2.0.0
240 silly placeDep ROOT body-parser@2.2.0 OK for: express@5.1.0 want: ^2.2.0
241 silly placeDep ROOT content-disposition@1.0.0 OK for: express@5.1.0 want: ^1.0.0
242 silly placeDep ROOT content-type@1.0.5 OK for: express@5.1.0 want: ^1.0.5
243 silly placeDep ROOT cookie@0.7.2 OK for: express@5.1.0 want: ^0.7.1
244 silly placeDep ROOT cookie-signature@1.2.2 OK for: express@5.1.0 want: ^1.2.1
245 silly placeDep ROOT debug@4.4.3 OK for: express@5.1.0 want: ^4.4.0
246 silly placeDep ROOT encodeurl@2.0.0 OK for: express@5.1.0 want: ^2.0.0
247 silly placeDep ROOT escape-html@1.0.3 OK for: express@5.1.0 want: ^1.0.3
248 silly placeDep ROOT etag@1.8.1 OK for: express@5.1.0 want: ^1.8.1
249 silly placeDep ROOT finalhandler@2.1.0 OK for: express@5.1.0 want: ^2.1.0
250 silly placeDep ROOT fresh@2.0.0 OK for: express@5.1.0 want: ^2.0.0
251 silly placeDep ROOT http-errors@2.0.0 OK for: express@5.1.0 want: ^2.0.0
252 silly placeDep ROOT merge-descriptors@2.0.0 OK for: express@5.1.0 want: ^2.0.0
253 silly placeDep ROOT mime-types@3.0.1 OK for: express@5.1.0 want: ^3.0.0
254 silly placeDep ROOT on-finished@2.4.1 OK for: express@5.1.0 want: ^2.4.1
255 silly placeDep ROOT once@1.4.0 OK for: express@5.1.0 want: ^1.4.0
256 silly placeDep ROOT parseurl@1.3.3 OK for: express@5.1.0 want: ^1.3.3
257 silly placeDep ROOT proxy-addr@2.0.7 OK for: express@5.1.0 want: ^2.0.7
258 silly placeDep ROOT qs@6.14.0 OK for: express@5.1.0 want: ^6.14.0
259 silly placeDep ROOT range-parser@1.2.1 OK for: express@5.1.0 want: ^1.2.1
260 silly placeDep ROOT router@2.2.0 OK for: express@5.1.0 want: ^2.2.0
261 silly placeDep ROOT send@1.2.0 OK for: express@5.1.0 want: ^1.1.0
262 silly placeDep ROOT serve-static@2.2.0 OK for: express@5.1.0 want: ^2.2.0
263 silly placeDep ROOT statuses@2.0.2 OK for: express@5.1.0 want: ^2.0.1
264 silly placeDep ROOT type-is@2.0.1 OK for: express@5.1.0 want: ^2.0.1
265 silly fetch manifest negotiator@^1.0.0
266 silly packumentCache full:https://registry.npmjs.org/negotiator cache-miss
267 silly fetch manifest bytes@^3.1.2
268 silly packumentCache full:https://registry.npmjs.org/bytes cache-miss
269 silly fetch manifest iconv-lite@^0.6.3
270 silly packumentCache full:https://registry.npmjs.org/iconv-lite cache-miss
271 silly fetch manifest raw-body@^3.0.0
272 silly packumentCache full:https://registry.npmjs.org/raw-body cache-miss
273 silly fetch manifest type-is@^2.0.0
274 silly packumentCache full:https://registry.npmjs.org/type-is cache-hit
275 silly fetch manifest safe-buffer@5.2.1
276 silly packumentCache full:https://registry.npmjs.org/safe-buffer cache-miss
277 silly fetch manifest ms@^2.1.3
278 silly packumentCache full:https://registry.npmjs.org/ms cache-hit
279 silly fetch manifest depd@2.0.0
280 silly packumentCache full:https://registry.npmjs.org/depd cache-miss
281 silly fetch manifest inherits@2.0.4
282 silly packumentCache full:https://registry.npmjs.org/inherits cache-miss
283 http fetch GET https://registry.npmjs.org/bytes attempt 1 failed with ENOTFOUND
284 http fetch GET 200 https://registry.npmjs.org/raw-body 13387ms (cache revalidated)
285 silly packumentCache full:https://registry.npmjs.org/raw-body set size:111234 disposed:false
286 silly fetch manifest statuses@2.0.1
287 silly packumentCache full:https://registry.npmjs.org/statuses cache-hit
288 silly fetch manifest toidentifier@1.0.1
289 silly packumentCache full:https://registry.npmjs.org/toidentifier cache-miss
290 http fetch GET 200 https://registry.npmjs.org/toidentifier 219ms (cache revalidated)
291 silly packumentCache full:https://registry.npmjs.org/toidentifier set size:12006 disposed:false
292 silly fetch manifest setprototypeof@1.2.0
293 silly packumentCache full:https://registry.npmjs.org/setprototypeof cache-miss
294 http fetch GET 200 https://registry.npmjs.org/setprototypeof 222ms (cache revalidated)
295 silly packumentCache full:https://registry.npmjs.org/setprototypeof set size:14532 disposed:false
296 silly fetch manifest mime-db@^1.54.0
297 silly packumentCache full:https://registry.npmjs.org/mime-db cache-miss
298 http fetch GET 200 https://registry.npmjs.org/mime-db 198ms (cache revalidated)
299 silly packumentCache full:https://registry.npmjs.org/mime-db set size:164953 disposed:false
300 silly fetch manifest ee-first@1.1.1
301 silly packumentCache full:https://registry.npmjs.org/ee-first cache-miss
302 http fetch GET 200 https://registry.npmjs.org/depd 14312ms (cache revalidated)
303 silly packumentCache full:https://registry.npmjs.org/depd set size:40182 disposed:false
304 silly fetch manifest wrappy@1
305 silly packumentCache full:https://registry.npmjs.org/wrappy cache-miss
306 http fetch GET 200 https://registry.npmjs.org/negotiator 14349ms (cache revalidated)
307 silly packumentCache full:https://registry.npmjs.org/negotiator set size:48046 disposed:false
308 silly fetch manifest forwarded@0.2.0
309 silly packumentCache full:https://registry.npmjs.org/forwarded cache-miss
310 http fetch GET 200 https://registry.npmjs.org/ee-first 234ms (cache revalidated)
311 silly packumentCache full:https://registry.npmjs.org/ee-first set size:15327 disposed:false
312 silly fetch manifest ipaddr.js@1.9.1
313 silly packumentCache full:https://registry.npmjs.org/ipaddr.js cache-miss
314 http fetch GET 200 https://registry.npmjs.org/wrappy 218ms (cache revalidated)
315 silly packumentCache full:https://registry.npmjs.org/wrappy set size:7682 disposed:false
316 silly fetch manifest side-channel@^1.1.0
317 silly packumentCache full:https://registry.npmjs.org/side-channel cache-miss
318 http fetch GET 200 https://registry.npmjs.org/forwarded 200ms (cache revalidated)
319 silly packumentCache full:https://registry.npmjs.org/forwarded set size:11229 disposed:false
320 silly fetch manifest depd@^2.0.0
321 silly packumentCache full:https://registry.npmjs.org/depd cache-hit
322 silly fetch manifest is-promise@^4.0.0
323 silly packumentCache full:https://registry.npmjs.org/is-promise cache-miss
324 http fetch GET 200 https://registry.npmjs.org/ipaddr.js 201ms (cache revalidated)
325 silly packumentCache full:https://registry.npmjs.org/ipaddr.js set size:65942 disposed:false
326 silly fetch manifest path-to-regexp@^8.0.0
327 silly packumentCache full:https://registry.npmjs.org/path-to-regexp cache-miss
328 http fetch GET 200 https://registry.npmjs.org/side-channel 233ms (cache revalidated)
329 silly packumentCache full:https://registry.npmjs.org/side-channel set size:24660 disposed:false
330 silly fetch manifest media-typer@^1.1.0
331 silly packumentCache full:https://registry.npmjs.org/media-typer cache-miss
332 http fetch GET 200 https://registry.npmjs.org/is-promise 240ms (cache revalidated)
333 silly packumentCache full:https://registry.npmjs.org/is-promise set size:18599 disposed:false
334 http fetch GET 200 https://registry.npmjs.org/path-to-regexp 234ms (cache revalidated)
335 silly packumentCache full:https://registry.npmjs.org/path-to-regexp set size:207142 disposed:false
336 http fetch GET 200 https://registry.npmjs.org/media-typer 248ms (cache revalidated)
337 silly packumentCache full:https://registry.npmjs.org/media-typer set size:20873 disposed:false
338 http fetch GET https://registry.npmjs.org/iconv-lite attempt 1 failed with ENOTFOUND
339 http fetch GET 200 https://registry.npmjs.org/bytes 44001ms (cache revalidated)
340 silly packumentCache full:https://registry.npmjs.org/bytes set size:37018 disposed:false
341 http fetch GET 200 https://registry.npmjs.org/iconv-lite 49687ms (cache revalidated)
342 silly packumentCache full:https://registry.npmjs.org/iconv-lite set size:118890 disposed:false
343 http fetch GET https://registry.npmjs.org/safe-buffer attempt 1 failed with ETIMEDOUT
344 http fetch GET https://registry.npmjs.org/inherits attempt 1 failed with ETIMEDOUT
