0 verbose cli /data/data/com.termux/files/usr/bin/node /data/data/com.termux/files/usr/bin/npm
1 info using npm@10.9.3
2 info using node@v22.19.0
3 silly config load:file:/data/data/com.termux/files/usr/lib/node_modules/npm/npmrc
4 silly config load:file:/storage/emulated/0/Download/vish-marketplace/backend/.npmrc
5 silly config load:file:/data/data/com.termux/files/home/.npmrc
6 silly config load:file:/data/data/com.termux/files/usr/etc/npmrc
7 verbose title npm install jsonwebtoken
8 verbose argv "install" "--no-bin-links" "jsonwebtoken"
9 verbose logfile logs-max:10 dir:/data/data/com.termux/files/home/.npm/_logs/2025-09-18T07_33_21_956Z-
10 verbose logfile /data/data/com.termux/files/home/.npm/_logs/2025-09-18T07_33_21_956Z-debug-0.log
11 silly logfile start cleaning logs, removing 1 files
12 silly packumentCache heap:1098907648 maxSize:274726912 maxEntrySize:137363456
13 silly logfile done cleaning log files
14 silly idealTree buildDeps
15 silly fetch manifest jsonwebtoken@^9.0.2
16 silly packumentCache full:https://registry.npmjs.org/jsonwebtoken cache-miss
17 http fetch GET 200 https://registry.npmjs.org/jsonwebtoken 2172ms (cache revalidated)
18 silly packumentCache full:https://registry.npmjs.org/jsonwebtoken set size:181305 disposed:false
19 silly placeDep ROOT jsonwebtoken@9.0.2 REPLACE for: vish-backend@1.0.0 want: ^9.0.2
20 silly reify mark retired [
20 silly reify   '/storage/emulated/0/Download/vish-marketplace/backend/node_modules/bcryptjs',
20 silly reify   '/storage/emulated/0/Download/vish-marketplace/backend/node_modules/.bin/bcrypt'
20 silly reify ]
21 silly reify mark retired [
21 silly reify   '/storage/emulated/0/Download/vish-marketplace/backend/node_modules/semver',
21 silly reify   '/storage/emulated/0/Download/vish-marketplace/backend/node_modules/.bin/semver'
21 silly reify ]
22 silly reify moves {
22 silly reify   '/storage/emulated/0/Download/vish-marketplace/backend/node_modules/bcryptjs': '/storage/emulated/0/Download/vish-marketplace/backend/node_modules/.bcryptjs-zWvR1kRd',
22 silly reify   '/storage/emulated/0/Download/vish-marketplace/backend/node_modules/.bin/bcrypt': '/storage/emulated/0/Download/vish-marketplace/backend/node_modules/.bin/.bcrypt-sjkR2JrU',
22 silly reify   '/storage/emulated/0/Download/vish-marketplace/backend/node_modules/semver': '/storage/emulated/0/Download/vish-marketplace/backend/node_modules/.semver-mIpLL8FO',
22 silly reify   '/storage/emulated/0/Download/vish-marketplace/backend/node_modules/.bin/semver': '/storage/emulated/0/Download/vish-marketplace/backend/node_modules/.bin/.semver-E7NhxZp6'
22 silly reify }
23 silly audit bulk request {
23 silly audit   '@mongodb-js/saslprep': [ '1.3.0' ],
23 silly audit   '@types/webidl-conversions': [ '7.0.3' ],
23 silly audit   '@types/whatwg-url': [ '11.0.5' ],
23 silly audit   accepts: [ '2.0.0' ],
23 silly audit   'mime-db': [ '1.54.0' ],
23 silly audit   'mime-types': [ '3.0.1' ],
23 silly audit   bcryptjs: [ '3.0.2' ],
23 silly audit   'body-parser': [ '2.2.0' ],
23 silly audit   'media-typer': [ '1.1.0' ],
23 silly audit   'type-is': [ '2.0.1' ],
23 silly audit   bson: [ '6.10.4' ],
23 silly audit   'buffer-equal-constant-time': [ '1.0.1' ],
23 silly audit   bytes: [ '3.1.2' ],
23 silly audit   'call-bind-apply-helpers': [ '1.0.2' ],
23 silly audit   'call-bound': [ '1.0.4' ],
23 silly audit   'content-disposition': [ '1.0.0' ],
23 silly audit   'content-type': [ '1.0.5' ],
23 silly audit   cookie: [ '0.7.1' ],
23 silly audit   'cookie-signature': [ '1.2.2' ],
23 silly audit   cors: [ '2.8.5' ],
23 silly audit   debug: [ '4.4.3' ],
23 silly audit   depd: [ '2.0.0' ],
23 silly audit   dotenv: [ '17.2.2' ],
23 silly audit   'dunder-proto': [ '1.0.1' ],
23 silly audit   'ecdsa-sig-formatter': [ '1.0.11' ],
23 silly audit   'ee-first': [ '1.1.1' ],
23 silly audit   encodeurl: [ '2.0.0' ],
23 silly audit   'es-define-property': [ '1.0.1' ],
23 silly audit   'es-errors': [ '1.3.0' ],
23 silly audit   'es-object-atoms': [ '1.1.1' ],
23 silly audit   'escape-html': [ '1.0.3' ],
23 silly audit   etag: [ '1.8.1' ],
23 silly audit   express: [ '5.1.0' ],
23 silly audit   finalhandler: [ '2.1.0' ],
23 silly audit   forwarded: [ '0.2.0' ],
23 silly audit   fresh: [ '2.0.0' ],
23 silly audit   'function-bind': [ '1.1.2' ],
23 silly audit   'get-intrinsic': [ '1.3.0' ],
23 silly audit   'get-proto': [ '1.0.1' ],
23 silly audit   gopd: [ '1.2.0' ],
23 silly audit   'has-symbols': [ '1.1.0' ],
23 silly audit   hasown: [ '2.0.2' ],
23 silly audit   'http-errors': [ '2.0.0' ],
23 silly audit   statuses: [ '2.0.1', '2.0.2' ],
23 silly audit   'iconv-lite': [ '0.6.3', '0.7.0' ],
23 silly audit   inherits: [ '2.0.4' ],
23 silly audit   'ipaddr.js': [ '1.9.1' ],
23 silly audit   'is-promise': [ '4.0.0' ],
23 silly audit   jwa: [ '1.4.2' ],
23 silly audit   jws: [ '3.2.2' ],
23 silly audit   kareem: [ '2.6.3' ],
23 silly audit   'lodash.includes': [ '4.3.0' ],
23 silly audit   'lodash.isboolean': [ '3.0.3' ],
23 silly audit   'lodash.isinteger': [ '4.0.4' ],
23 silly audit   'lodash.isnumber': [ '3.0.3' ],
23 silly audit   'lodash.isplainobject': [ '4.0.6' ],
23 silly audit   'lodash.isstring': [ '4.0.1' ],
23 silly audit   'lodash.once': [ '4.1.1' ],
23 silly audit   'math-intrinsics': [ '1.1.0' ],
23 silly audit   'memory-pager': [ '1.5.0' ],
23 silly audit   'merge-descriptors': [ '2.0.0' ],
23 silly audit   mongodb: [ '6.18.0' ],
23 silly audit   'mongodb-connection-string-url': [ '3.0.2' ],
23 silly audit   mongoose: [ '8.18.1' ],
23 silly audit   mpath: [ '0.9.0' ],
23 silly audit   mquery: [ '5.0.0' ],
23 silly audit   ms: [ '2.1.3' ],
23 silly audit   negotiator: [ '1.0.0' ],
23 silly audit   'object-assign': [ '4.1.1' ],
23 silly audit   'object-inspect': [ '1.13.4' ],
23 silly audit   'on-finished': [ '2.4.1' ],
23 silly audit   once: [ '1.4.0' ],
23 silly audit   parseurl: [ '1.3.3' ],
23 silly audit   'path-to-regexp': [ '8.3.0' ],
23 silly audit   'proxy-addr': [ '2.0.7' ],
23 silly audit   punycode: [ '2.3.1' ],
23 silly audit   qs: [ '6.14.0' ],
23 silly audit   'range-parser': [ '1.2.1' ],
23 silly audit   'raw-body': [ '3.0.1' ],
23 silly audit   router: [ '2.2.0' ],
23 silly audit   'safe-buffer': [ '5.2.1' ],
23 silly audit   'safer-buffer': [ '2.1.2' ],
23 silly audit   semver: [ '7.7.2' ],
23 silly audit   send: [ '1.2.0' ],
23 silly audit   'serve-static': [ '2.2.0' ],
23 silly audit   setprototypeof: [ '1.2.0' ],
23 silly audit   'side-channel': [ '1.1.0' ],
23 silly audit   'side-channel-list': [ '1.0.0' ],
23 silly audit   'side-channel-map': [ '1.0.1' ],
23 silly audit   'side-channel-weakmap': [ '1.0.2' ],
23 silly audit   sift: [ '17.1.3' ],
23 silly audit   'sparse-bitfield': [ '3.0.3' ],
23 silly audit   toidentifier: [ '1.0.1' ],
23 silly audit   tr46: [ '5.1.1' ],
23 silly audit   unpipe: [ '1.0.0' ],
23 silly audit   vary: [ '1.1.2' ],
23 silly audit   'webidl-conversions': [ '7.0.0' ],
23 silly audit   'whatwg-url': [ '14.2.0' ],
23 silly audit   wrappy: [ '1.0.2' ],
23 silly audit   jsonwebtoken: [ '9.0.2' ]
23 silly audit }
24 http cache semver@https://registry.npmjs.org/semver/-/semver-7.7.2.tgz 1ms (cache hit)
25 http cache bcryptjs@https://registry.npmjs.org/bcryptjs/-/bcryptjs-3.0.2.tgz 0ms (cache hit)
26 http fetch POST 200 https://registry.npmjs.org/-/npm/v1/security/advisories/bulk 1392ms
27 silly audit report {}
28 silly CHANGE node_modules/semver
29 silly CHANGE node_modules/bcryptjs
30 verbose cwd /storage/emulated/0/Download/vish-marketplace/backend
31 verbose os Linux 4.9.112-17018887
32 verbose node v22.19.0
33 verbose npm  v10.9.3
34 verbose exit 0
35 info ok
