0 verbose cli /data/data/com.termux/files/usr/bin/node /data/data/com.termux/files/usr/bin/npm
1 info using npm@10.9.3
2 info using node@v22.19.0
3 silly config load:file:/data/data/com.termux/files/usr/lib/node_modules/npm/npmrc
4 silly config load:file:/storage/emulated/0/Download/vish-marketplace/backend/.npmrc
5 silly config load:file:/data/data/com.termux/files/home/.npmrc
6 silly config load:file:/data/data/com.termux/files/usr/etc/npmrc
7 verbose title npm install express mongoose cors dotenv bcryptjs jsonwebtoken
8 verbose argv "install" "express" "mongoose" "cors" "dotenv" "bcryptjs" "jsonwebtoken" "--no-bin-links"
9 verbose logfile logs-max:10 dir:/data/data/com.termux/files/home/.npm/_logs/2025-09-18T08_34_35_100Z-
10 verbose logfile /data/data/com.termux/files/home/.npm/_logs/2025-09-18T08_34_35_100Z-debug-0.log
11 silly logfile start cleaning logs, removing 1 files
12 silly packumentCache heap:1098907648 maxSize:274726912 maxEntrySize:137363456
13 silly logfile done cleaning log files
14 silly idealTree buildDeps
15 silly fetch manifest express@*
16 silly packumentCache full:https://registry.npmjs.org/express cache-miss
17 http fetch GET https://registry.npmjs.org/express attempt 1 failed with ENOTFOUND
18 http fetch GET https://registry.npmjs.org/express attempt 2 failed with ENOTFOUND
19 http fetch GET https://registry.npmjs.org/express attempt 3 failed with ENOTFOUND
20 http fetch GET 200 https://registry.npmjs.org/express 104325ms (cache stale)
21 silly packumentCache full:https://registry.npmjs.org/express set size:796269 disposed:false
22 silly fetch manifest mongoose@*
23 silly packumentCache full:https://registry.npmjs.org/mongoose cache-miss
24 http fetch GET https://registry.npmjs.org/mongoose attempt 1 failed with ENOTFOUND
25 http fetch GET https://registry.npmjs.org/mongoose attempt 2 failed with ENOTFOUND
26 http fetch GET https://registry.npmjs.org/mongoose attempt 3 failed with ENOTFOUND
27 http fetch GET 200 https://registry.npmjs.org/mongoose 119426ms (cache stale)
28 silly packumentCache full:https://registry.npmjs.org/mongoose set size:3812718 disposed:false
29 silly fetch manifest cors@*
30 silly packumentCache full:https://registry.npmjs.org/cors cache-miss
31 http fetch GET https://registry.npmjs.org/cors attempt 1 failed with ENOTFOUND
32 http fetch GET https://registry.npmjs.org/cors attempt 2 failed with ENOTFOUND
33 http fetch GET https://registry.npmjs.org/cors attempt 3 failed with ENOTFOUND
34 http fetch GET 200 https://registry.npmjs.org/cors 113645ms (cache stale)
35 silly packumentCache full:https://registry.npmjs.org/cors set size:73833 disposed:false
36 silly fetch manifest dotenv@*
37 silly packumentCache full:https://registry.npmjs.org/dotenv cache-miss
38 http fetch GET https://registry.npmjs.org/dotenv attempt 1 failed with ENOTFOUND
39 http fetch GET https://registry.npmjs.org/dotenv attempt 2 failed with ENOTFOUND
40 http fetch GET https://registry.npmjs.org/dotenv attempt 3 failed with ENOTFOUND
41 http fetch GET 200 https://registry.npmjs.org/dotenv 100137ms (cache stale)
42 silly packumentCache full:https://registry.npmjs.org/dotenv set size:258824 disposed:false
43 silly fetch manifest bcryptjs@*
44 silly packumentCache full:https://registry.npmjs.org/bcryptjs cache-miss
45 http fetch GET 200 https://registry.npmjs.org/bcryptjs 15055ms (cache revalidated)
46 silly packumentCache full:https://registry.npmjs.org/bcryptjs set size:77787 disposed:false
47 silly fetch manifest jsonwebtoken@*
48 silly packumentCache full:https://registry.npmjs.org/jsonwebtoken cache-miss
49 http fetch GET 200 https://registry.npmjs.org/jsonwebtoken 1081ms (cache revalidated)
50 silly packumentCache full:https://registry.npmjs.org/jsonwebtoken set size:181305 disposed:false
51 silly placeDep ROOT bcryptjs@3.0.2 OK for: backend@1.0.0 want: *
52 silly placeDep ROOT cors@2.8.5 OK for: backend@1.0.0 want: *
53 silly placeDep ROOT dotenv@17.2.2 OK for: backend@1.0.0 want: *
54 silly placeDep ROOT express@5.1.0 OK for: backend@1.0.0 want: *
55 silly placeDep ROOT jsonwebtoken@9.0.2 OK for: backend@1.0.0 want: *
56 silly placeDep ROOT mongoose@8.18.1 OK for: backend@1.0.0 want: *
57 silly fetch manifest vary@^1
58 silly packumentCache full:https://registry.npmjs.org/vary cache-miss
59 silly fetch manifest object-assign@^4
60 silly packumentCache full:https://registry.npmjs.org/object-assign cache-miss
61 silly fetch manifest qs@^6.14.0
62 silly packumentCache full:https://registry.npmjs.org/qs cache-miss
63 silly fetch manifest etag@^1.8.1
64 silly packumentCache full:https://registry.npmjs.org/etag cache-miss
65 silly fetch manifest once@^1.4.0
66 silly packumentCache full:https://registry.npmjs.org/once cache-miss
67 silly fetch manifest send@^1.1.0
68 silly packumentCache full:https://registry.npmjs.org/send cache-miss
69 silly fetch manifest vary@^1.1.2
70 silly packumentCache full:https://registry.npmjs.org/vary cache-miss
71 http fetch GET 200 https://registry.npmjs.org/object-assign 301ms (cache revalidated)
72 silly packumentCache full:https://registry.npmjs.org/object-assign set size:28988 disposed:false
73 silly fetch manifest debug@^4.4.0
74 silly packumentCache full:https://registry.npmjs.org/debug cache-miss
75 http fetch GET 200 https://registry.npmjs.org/debug 308ms (cache revalidated)
76 silly packumentCache full:https://registry.npmjs.org/debug set size:195840 disposed:false
77 silly fetch manifest fresh@^2.0.0
78 silly packumentCache full:https://registry.npmjs.org/fresh cache-miss
79 http fetch GET 200 https://registry.npmjs.org/fresh 877ms (cache revalidated)
80 silly packumentCache full:https://registry.npmjs.org/fresh set size:25427 disposed:false
81 silly fetch manifest cookie@^0.7.1
82 silly packumentCache full:https://registry.npmjs.org/cookie cache-miss
83 http fetch GET 200 https://registry.npmjs.org/cookie 396ms (cache revalidated)
84 silly packumentCache full:https://registry.npmjs.org/cookie set size:67180 disposed:false
85 silly fetch manifest router@^2.2.0
86 silly packumentCache full:https://registry.npmjs.org/router cache-miss
87 http fetch GET 200 https://registry.npmjs.org/router 281ms (cache revalidated)
88 silly packumentCache full:https://registry.npmjs.org/router set size:116499 disposed:false
89 silly fetch manifest accepts@^2.0.0
90 silly packumentCache full:https://registry.npmjs.org/accepts cache-miss
91 http fetch GET 200 https://registry.npmjs.org/accepts 673ms (cache revalidated)
92 silly packumentCache full:https://registry.npmjs.org/accepts set size:77054 disposed:false
93 silly fetch manifest type-is@^2.0.1
94 silly packumentCache full:https://registry.npmjs.org/type-is cache-miss
95 http fetch GET 200 https://registry.npmjs.org/type-is 355ms (cache revalidated)
96 silly packumentCache full:https://registry.npmjs.org/type-is set size:86196 disposed:false
97 silly fetch manifest parseurl@^1.3.3
98 silly packumentCache full:https://registry.npmjs.org/parseurl cache-miss
99 http fetch GET 200 https://registry.npmjs.org/parseurl 256ms (cache revalidated)
100 silly packumentCache full:https://registry.npmjs.org/parseurl set size:24148 disposed:false
101 silly fetch manifest statuses@^2.0.1
102 silly packumentCache full:https://registry.npmjs.org/statuses cache-miss
103 http fetch GET 200 https://registry.npmjs.org/statuses 283ms (cache revalidated)
104 silly packumentCache full:https://registry.npmjs.org/statuses set size:37117 disposed:false
105 silly fetch manifest encodeurl@^2.0.0
106 silly packumentCache full:https://registry.npmjs.org/encodeurl cache-miss
107 http fetch GET 200 https://registry.npmjs.org/encodeurl 281ms (cache revalidated)
108 silly packumentCache full:https://registry.npmjs.org/encodeurl set size:12296 disposed:false
109 silly fetch manifest mime-types@^3.0.0
110 silly packumentCache full:https://registry.npmjs.org/mime-types cache-miss
111 http fetch GET 200 https://registry.npmjs.org/mime-types 544ms (cache revalidated)
112 silly packumentCache full:https://registry.npmjs.org/mime-types set size:136716 disposed:false
113 silly fetch manifest proxy-addr@^2.0.7
114 silly packumentCache full:https://registry.npmjs.org/proxy-addr cache-miss
115 http fetch GET 200 https://registry.npmjs.org/proxy-addr 408ms (cache revalidated)
116 silly packumentCache full:https://registry.npmjs.org/proxy-addr set size:61619 disposed:false
117 silly fetch manifest body-parser@^2.2.0
118 silly packumentCache full:https://registry.npmjs.org/body-parser cache-miss
119 http fetch GET 200 https://registry.npmjs.org/body-parser 314ms (cache revalidated)
120 silly packumentCache full:https://registry.npmjs.org/body-parser set size:209520 disposed:false
121 silly fetch manifest escape-html@^1.0.3
122 silly packumentCache full:https://registry.npmjs.org/escape-html cache-miss
123 http fetch GET 200 https://registry.npmjs.org/escape-html 674ms (cache revalidated)
124 silly packumentCache full:https://registry.npmjs.org/escape-html set size:7345 disposed:false
125 silly fetch manifest http-errors@^2.0.0
126 silly packumentCache full:https://registry.npmjs.org/http-errors cache-miss
127 http fetch GET 200 https://registry.npmjs.org/http-errors 367ms (cache revalidated)
128 silly packumentCache full:https://registry.npmjs.org/http-errors set size:69537 disposed:false
129 silly fetch manifest on-finished@^2.4.1
130 silly packumentCache full:https://registry.npmjs.org/on-finished cache-miss
131 http fetch GET 200 https://registry.npmjs.org/on-finished 310ms (cache revalidated)
132 silly packumentCache full:https://registry.npmjs.org/on-finished set size:23212 disposed:false
133 silly fetch manifest content-type@^1.0.5
134 silly packumentCache full:https://registry.npmjs.org/content-type cache-miss
135 http fetch GET 200 https://registry.npmjs.org/content-type 335ms (cache revalidated)
136 silly packumentCache full:https://registry.npmjs.org/content-type set size:17311 disposed:false
137 silly fetch manifest finalhandler@^2.1.0
138 silly packumentCache full:https://registry.npmjs.org/finalhandler cache-miss
139 http fetch GET 200 https://registry.npmjs.org/finalhandler 279ms (cache revalidated)
140 silly packumentCache full:https://registry.npmjs.org/finalhandler set size:74406 disposed:false
141 silly fetch manifest range-parser@^1.2.1
142 silly packumentCache full:https://registry.npmjs.org/range-parser cache-miss
143 http fetch GET 200 https://registry.npmjs.org/range-parser 423ms (cache revalidated)
144 silly packumentCache full:https://registry.npmjs.org/range-parser set size:22228 disposed:false
145 silly fetch manifest serve-static@^2.2.0
146 silly packumentCache full:https://registry.npmjs.org/serve-static cache-miss
147 http fetch GET 200 https://registry.npmjs.org/serve-static 399ms (cache revalidated)
148 silly packumentCache full:https://registry.npmjs.org/serve-static set size:145938 disposed:false
149 silly fetch manifest cookie-signature@^1.2.1
150 silly packumentCache full:https://registry.npmjs.org/cookie-signature cache-miss
151 http fetch GET 200 https://registry.npmjs.org/cookie-signature 355ms (cache revalidated)
152 silly packumentCache full:https://registry.npmjs.org/cookie-signature set size:21777 disposed:false
153 silly fetch manifest merge-descriptors@^2.0.0
154 silly packumentCache full:https://registry.npmjs.org/merge-descriptors cache-miss
155 http fetch GET 200 https://registry.npmjs.org/merge-descriptors 385ms (cache revalidated)
156 silly packumentCache full:https://registry.npmjs.org/merge-descriptors set size:16527 disposed:false
157 silly fetch manifest content-disposition@^1.0.0
158 silly packumentCache full:https://registry.npmjs.org/content-disposition cache-miss
159 http fetch GET 200 https://registry.npmjs.org/content-disposition 259ms (cache revalidated)
160 silly packumentCache full:https://registry.npmjs.org/content-disposition set size:26893 disposed:false
161 silly fetch manifest ms@^2.1.1
162 silly packumentCache full:https://registry.npmjs.org/ms cache-miss
163 http fetch GET 200 https://registry.npmjs.org/ms 440ms (cache revalidated)
164 silly packumentCache full:https://registry.npmjs.org/ms set size:92208 disposed:false
165 silly fetch manifest jws@^3.2.2
166 silly packumentCache full:https://registry.npmjs.org/jws cache-miss
167 http fetch GET 200 https://registry.npmjs.org/jws 281ms (cache revalidated)
168 silly packumentCache full:https://registry.npmjs.org/jws set size:45532 disposed:false
169 silly fetch manifest semver@^7.5.4
170 silly packumentCache full:https://registry.npmjs.org/semver cache-miss
171 http fetch GET 200 https://registry.npmjs.org/semver 268ms (cache revalidated)
172 silly packumentCache full:https://registry.npmjs.org/semver set size:224186 disposed:false
173 silly fetch manifest lodash.once@^4.0.0
174 silly packumentCache full:https://registry.npmjs.org/lodash.once cache-miss
175 http fetch GET 200 https://registry.npmjs.org/lodash.once 436ms (cache revalidated)
176 silly packumentCache full:https://registry.npmjs.org/lodash.once set size:23407 disposed:false
177 silly fetch manifest lodash.includes@^4.3.0
178 silly packumentCache full:https://registry.npmjs.org/lodash.includes cache-miss
179 http fetch GET 200 https://registry.npmjs.org/lodash.includes 294ms (cache revalidated)
180 silly packumentCache full:https://registry.npmjs.org/lodash.includes set size:27594 disposed:false
181 silly fetch manifest lodash.isnumber@^3.0.3
182 silly packumentCache full:https://registry.npmjs.org/lodash.isnumber cache-miss
183 http fetch GET 200 https://registry.npmjs.org/lodash.isnumber 260ms (cache revalidated)
184 silly packumentCache full:https://registry.npmjs.org/lodash.isnumber set size:21368 disposed:false
185 silly fetch manifest lodash.isstring@^4.0.1
186 silly packumentCache full:https://registry.npmjs.org/lodash.isstring cache-miss
187 http fetch GET 200 https://registry.npmjs.org/lodash.isstring 661ms (cache revalidated)
188 silly packumentCache full:https://registry.npmjs.org/lodash.isstring set size:21368 disposed:false
189 silly fetch manifest lodash.isboolean@^3.0.3
190 silly packumentCache full:https://registry.npmjs.org/lodash.isboolean cache-miss
191 http fetch GET 200 https://registry.npmjs.org/lodash.isboolean 264ms (cache revalidated)
192 silly packumentCache full:https://registry.npmjs.org/lodash.isboolean set size:21437 disposed:false
193 silly fetch manifest lodash.isinteger@^4.0.4
194 silly packumentCache full:https://registry.npmjs.org/lodash.isinteger cache-miss
195 http fetch GET 200 https://registry.npmjs.org/lodash.isinteger 1701ms (cache revalidated)
196 silly packumentCache full:https://registry.npmjs.org/lodash.isinteger set size:10827 disposed:false
197 silly fetch manifest lodash.isplainobject@^4.0.6
198 silly packumentCache full:https://registry.npmjs.org/lodash.isplainobject cache-miss
199 http fetch GET 200 https://registry.npmjs.org/lodash.isplainobject 1294ms (cache revalidated)
200 silly packumentCache full:https://registry.npmjs.org/lodash.isplainobject set size:38531 disposed:false
201 silly fetch manifest bson@^6.10.4
202 silly packumentCache full:https://registry.npmjs.org/bson cache-miss
203 http fetch GET 200 https://registry.npmjs.org/bson 1295ms (cache revalidated)
204 silly packumentCache full:https://registry.npmjs.org/bson set size:547800 disposed:false
205 silly fetch manifest kareem@2.6.3
206 silly packumentCache full:https://registry.npmjs.org/kareem cache-miss
207 http fetch GET 200 https://registry.npmjs.org/kareem 320ms (cache revalidated)
208 silly packumentCache full:https://registry.npmjs.org/kareem set size:111752 disposed:false
209 silly fetch manifest mongodb@~6.18.0
210 silly packumentCache full:https://registry.npmjs.org/mongodb cache-miss
211 http fetch GET 200 https://registry.npmjs.org/mongodb 468ms (cache revalidated)
212 silly packumentCache full:https://registry.npmjs.org/mongodb set size:3524125 disposed:false
213 silly fetch manifest mpath@0.9.0
214 silly packumentCache full:https://registry.npmjs.org/mpath cache-miss
215 http fetch GET 200 https://registry.npmjs.org/mpath 1923ms (cache revalidated)
216 silly packumentCache full:https://registry.npmjs.org/mpath set size:50832 disposed:false
217 silly fetch manifest mquery@5.0.0
218 silly packumentCache full:https://registry.npmjs.org/mquery cache-miss
219 http fetch GET 200 https://registry.npmjs.org/mquery 291ms (cache revalidated)
220 silly packumentCache full:https://registry.npmjs.org/mquery set size:204830 disposed:false
221 silly fetch manifest ms@2.1.3
222 silly packumentCache full:https://registry.npmjs.org/ms cache-hit
223 silly fetch manifest sift@17.1.3
224 silly packumentCache full:https://registry.npmjs.org/sift cache-miss
225 http fetch GET 200 https://registry.npmjs.org/sift 1667ms (cache revalidated)
226 silly packumentCache full:https://registry.npmjs.org/sift set size:398463 disposed:false
227 http fetch GET 200 https://registry.npmjs.org/qs 67079ms (cache revalidated)
228 silly packumentCache full:https://registry.npmjs.org/qs set size:264677 disposed:false
229 http fetch GET 200 https://registry.npmjs.org/etag 67215ms (cache revalidated)
230 silly packumentCache full:https://registry.npmjs.org/etag set size:30032 disposed:false
231 http fetch GET https://registry.npmjs.org/send attempt 1 failed with ETIMEDOUT
232 http fetch GET https://registry.npmjs.org/vary attempt 1 failed with ETIMEDOUT
233 http fetch GET https://registry.npmjs.org/once attempt 1 failed with ETIMEDOUT
234 http fetch GET https://registry.npmjs.org/vary attempt 1 failed with ETIMEDOUT
235 http fetch GET https://registry.npmjs.org/send attempt 2 failed with ETIMEDOUT
236 http fetch GET https://registry.npmjs.org/vary attempt 2 failed with ETIMEDOUT
237 http fetch GET https://registry.npmjs.org/once attempt 2 failed with ETIMEDOUT
238 http fetch GET https://registry.npmjs.org/vary attempt 2 failed with ETIMEDOUT
239 http fetch GET 200 https://registry.npmjs.org/vary 233044ms (cache revalidated)
240 silly packumentCache full:https://registry.npmjs.org/vary set size:16018 disposed:false
241 http fetch GET https://registry.npmjs.org/send attempt 3 failed with ETIMEDOUT
242 http fetch GET https://registry.npmjs.org/vary attempt 3 failed with ETIMEDOUT
243 http fetch GET https://registry.npmjs.org/once attempt 3 failed with ETIMEDOUT
244 http fetch GET 200 https://registry.npmjs.org/vary 370870ms (cache stale)
245 silly packumentCache full:https://registry.npmjs.org/vary set size:16018 disposed:false
246 silly packumentCache full:https://registry.npmjs.org/vary dispose
247 http fetch GET 200 https://registry.npmjs.org/send 370872ms (cache stale)
248 silly packumentCache full:https://registry.npmjs.org/send set size:147586 disposed:false
249 http fetch GET 200 https://registry.npmjs.org/once 370884ms (cache stale)
250 silly packumentCache full:https://registry.npmjs.org/once set size:11768 disposed:false
251 silly placeDep ROOT object-assign@4.1.1 OK for: cors@2.8.5 want: ^4
252 silly placeDep ROOT vary@1.1.2 OK for: cors@2.8.5 want: ^1
253 silly placeDep ROOT accepts@2.0.0 OK for: express@5.1.0 want: ^2.0.0
254 silly placeDep ROOT body-parser@2.2.0 OK for: express@5.1.0 want: ^2.2.0
255 silly placeDep ROOT content-disposition@1.0.0 OK for: express@5.1.0 want: ^1.0.0
256 silly placeDep ROOT content-type@1.0.5 OK for: express@5.1.0 want: ^1.0.5
257 silly placeDep ROOT cookie@0.7.2 OK for: express@5.1.0 want: ^0.7.1
258 silly placeDep ROOT cookie-signature@1.2.2 OK for: express@5.1.0 want: ^1.2.1
259 silly placeDep ROOT debug@4.4.3 OK for: express@5.1.0 want: ^4.4.0
260 silly placeDep ROOT encodeurl@2.0.0 OK for: express@5.1.0 want: ^2.0.0
261 silly placeDep ROOT escape-html@1.0.3 OK for: express@5.1.0 want: ^1.0.3
262 silly placeDep ROOT etag@1.8.1 OK for: express@5.1.0 want: ^1.8.1
263 silly placeDep ROOT finalhandler@2.1.0 OK for: express@5.1.0 want: ^2.1.0
264 silly placeDep ROOT fresh@2.0.0 OK for: express@5.1.0 want: ^2.0.0
265 silly placeDep ROOT http-errors@2.0.0 OK for: express@5.1.0 want: ^2.0.0
266 silly placeDep ROOT merge-descriptors@2.0.0 OK for: express@5.1.0 want: ^2.0.0
267 silly placeDep ROOT mime-types@3.0.1 OK for: express@5.1.0 want: ^3.0.0
268 silly placeDep ROOT on-finished@2.4.1 OK for: express@5.1.0 want: ^2.4.1
269 silly placeDep ROOT once@1.4.0 OK for: express@5.1.0 want: ^1.4.0
270 silly placeDep ROOT parseurl@1.3.3 OK for: express@5.1.0 want: ^1.3.3
271 silly placeDep ROOT proxy-addr@2.0.7 OK for: express@5.1.0 want: ^2.0.7
272 silly placeDep ROOT qs@6.14.0 OK for: express@5.1.0 want: ^6.14.0
273 silly placeDep ROOT range-parser@1.2.1 OK for: express@5.1.0 want: ^1.2.1
274 silly placeDep ROOT router@2.2.0 OK for: express@5.1.0 want: ^2.2.0
275 silly placeDep ROOT send@1.2.0 OK for: express@5.1.0 want: ^1.1.0
276 silly placeDep ROOT serve-static@2.2.0 OK for: express@5.1.0 want: ^2.2.0
277 silly placeDep ROOT statuses@2.0.2 OK for: express@5.1.0 want: ^2.0.1
278 silly placeDep ROOT type-is@2.0.1 OK for: express@5.1.0 want: ^2.0.1
279 silly fetch manifest negotiator@^1.0.0
280 silly packumentCache full:https://registry.npmjs.org/negotiator cache-miss
281 silly fetch manifest bytes@^3.1.2
282 silly packumentCache full:https://registry.npmjs.org/bytes cache-miss
283 silly fetch manifest iconv-lite@^0.6.3
284 silly packumentCache full:https://registry.npmjs.org/iconv-lite cache-miss
285 silly fetch manifest raw-body@^3.0.0
286 silly packumentCache full:https://registry.npmjs.org/raw-body cache-miss
287 silly fetch manifest type-is@^2.0.0
288 silly packumentCache full:https://registry.npmjs.org/type-is cache-hit
289 silly fetch manifest safe-buffer@5.2.1
290 silly packumentCache full:https://registry.npmjs.org/safe-buffer cache-miss
291 silly fetch manifest ms@^2.1.3
292 silly packumentCache full:https://registry.npmjs.org/ms cache-hit
293 silly fetch manifest depd@2.0.0
294 silly packumentCache full:https://registry.npmjs.org/depd cache-miss
295 silly fetch manifest inherits@2.0.4
296 silly packumentCache full:https://registry.npmjs.org/inherits cache-miss
297 http fetch GET 200 https://registry.npmjs.org/raw-body 261ms (cache revalidated)
298 silly packumentCache full:https://registry.npmjs.org/raw-body set size:111234 disposed:false
299 silly fetch manifest statuses@2.0.1
300 silly packumentCache full:https://registry.npmjs.org/statuses cache-hit
301 silly fetch manifest toidentifier@1.0.1
302 silly packumentCache full:https://registry.npmjs.org/toidentifier cache-miss
303 http fetch GET 200 https://registry.npmjs.org/toidentifier 255ms (cache revalidated)
304 silly packumentCache full:https://registry.npmjs.org/toidentifier set size:12006 disposed:false
305 silly fetch manifest setprototypeof@1.2.0
306 silly packumentCache full:https://registry.npmjs.org/setprototypeof cache-miss
307 http fetch GET 200 https://registry.npmjs.org/setprototypeof 249ms (cache revalidated)
308 silly packumentCache full:https://registry.npmjs.org/setprototypeof set size:14532 disposed:false
309 silly fetch manifest mime-db@^1.54.0
310 silly packumentCache full:https://registry.npmjs.org/mime-db cache-miss
311 http fetch GET 200 https://registry.npmjs.org/negotiator 944ms (cache revalidated)
312 silly packumentCache full:https://registry.npmjs.org/negotiator set size:48046 disposed:false
313 silly fetch manifest ee-first@1.1.1
314 silly packumentCache full:https://registry.npmjs.org/ee-first cache-miss
315 http fetch GET 200 https://registry.npmjs.org/mime-db 230ms (cache revalidated)
316 silly packumentCache full:https://registry.npmjs.org/mime-db set size:164953 disposed:false
317 silly fetch manifest wrappy@1
318 silly packumentCache full:https://registry.npmjs.org/wrappy cache-miss
319 http fetch GET 200 https://registry.npmjs.org/ee-first 237ms (cache revalidated)
320 silly packumentCache full:https://registry.npmjs.org/ee-first set size:15327 disposed:false
321 silly fetch manifest forwarded@0.2.0
322 silly packumentCache full:https://registry.npmjs.org/forwarded cache-miss
323 http fetch GET 200 https://registry.npmjs.org/wrappy 228ms (cache revalidated)
324 silly packumentCache full:https://registry.npmjs.org/wrappy set size:7682 disposed:false
325 silly fetch manifest ipaddr.js@1.9.1
326 silly packumentCache full:https://registry.npmjs.org/ipaddr.js cache-miss
327 http fetch GET 200 https://registry.npmjs.org/forwarded 224ms (cache revalidated)
328 silly packumentCache full:https://registry.npmjs.org/forwarded set size:11229 disposed:false
329 silly fetch manifest side-channel@^1.1.0
330 silly packumentCache full:https://registry.npmjs.org/side-channel cache-miss
331 http fetch GET 200 https://registry.npmjs.org/ipaddr.js 268ms (cache revalidated)
332 silly packumentCache full:https://registry.npmjs.org/ipaddr.js set size:65942 disposed:false
333 silly fetch manifest depd@^2.0.0
334 silly packumentCache full:https://registry.npmjs.org/depd cache-miss
335 http fetch GET 200 https://registry.npmjs.org/side-channel 256ms (cache revalidated)
336 silly packumentCache full:https://registry.npmjs.org/side-channel set size:24660 disposed:false
337 silly fetch manifest is-promise@^4.0.0
338 silly packumentCache full:https://registry.npmjs.org/is-promise cache-miss
339 http fetch GET 200 https://registry.npmjs.org/depd 242ms (cache revalidated)
340 silly packumentCache full:https://registry.npmjs.org/depd set size:40182 disposed:false
341 silly fetch manifest path-to-regexp@^8.0.0
342 silly packumentCache full:https://registry.npmjs.org/path-to-regexp cache-miss
343 http fetch GET 200 https://registry.npmjs.org/is-promise 244ms (cache revalidated)
344 silly packumentCache full:https://registry.npmjs.org/is-promise set size:18599 disposed:false
345 silly fetch manifest media-typer@^1.1.0
346 silly packumentCache full:https://registry.npmjs.org/media-typer cache-miss
347 http fetch GET 200 https://registry.npmjs.org/path-to-regexp 223ms (cache revalidated)
348 silly packumentCache full:https://registry.npmjs.org/path-to-regexp set size:207142 disposed:false
349 http fetch GET 200 https://registry.npmjs.org/media-typer 284ms (cache revalidated)
350 silly packumentCache full:https://registry.npmjs.org/media-typer set size:20873 disposed:false
351 http fetch GET 200 https://registry.npmjs.org/bytes 7362ms (cache revalidated)
352 silly packumentCache full:https://registry.npmjs.org/bytes set size:37018 disposed:false
353 http fetch GET https://registry.npmjs.org/inherits attempt 1 failed with ETIMEDOUT
354 http fetch GET https://registry.npmjs.org/depd attempt 1 failed with ETIMEDOUT
355 http fetch GET https://registry.npmjs.org/safe-buffer attempt 1 failed with ETIMEDOUT
356 http fetch GET https://registry.npmjs.org/iconv-lite attempt 1 failed with ETIMEDOUT
357 http fetch GET 200 https://registry.npmjs.org/depd 142057ms (cache revalidated)
358 silly packumentCache full:https://registry.npmjs.org/depd set size:40182 disposed:false
359 silly packumentCache full:https://registry.npmjs.org/depd dispose
360 http fetch GET 200 https://registry.npmjs.org/safe-buffer 142242ms (cache revalidated)
361 silly packumentCache full:https://registry.npmjs.org/safe-buffer set size:41183 disposed:false
362 http fetch GET 200 https://registry.npmjs.org/inherits 142384ms (cache revalidated)
363 silly packumentCache full:https://registry.npmjs.org/inherits set size:12925 disposed:false
364 http fetch GET 200 https://registry.npmjs.org/iconv-lite 209953ms (cache revalidated)
365 silly packumentCache full:https://registry.npmjs.org/iconv-lite set size:118890 disposed:false
366 silly placeDep ROOT negotiator@1.0.0 OK for: accepts@2.0.0 want: ^1.0.0
367 silly placeDep ROOT bytes@3.1.2 OK for: body-parser@2.2.0 want: ^3.1.2
368 silly placeDep ROOT iconv-lite@0.6.3 OK for: body-parser@2.2.0 want: ^0.6.3
369 silly placeDep ROOT raw-body@3.0.1 OK for: body-parser@2.2.0 want: ^3.0.0
370 silly fetch manifest safer-buffer@>= 2.1.2 < 3.0.0
371 silly packumentCache full:https://registry.npmjs.org/safer-buffer cache-miss
372 silly fetch manifest iconv-lite@0.7.0
373 silly packumentCache full:https://registry.npmjs.org/iconv-lite cache-hit
374 silly fetch manifest unpipe@1.0.0
375 silly packumentCache full:https://registry.npmjs.org/unpipe cache-miss
376 http fetch GET 200 https://registry.npmjs.org/unpipe 251ms (cache revalidated)
377 silly packumentCache full:https://registry.npmjs.org/unpipe set size:3537 disposed:false
378 http fetch GET 200 https://registry.npmjs.org/safer-buffer 253ms (cache revalidated)
379 silly packumentCache full:https://registry.npmjs.org/safer-buffer set size:18521 disposed:false
380 silly placeDep ROOT safe-buffer@5.2.1 OK for: content-disposition@1.0.0 want: 5.2.1
381 silly placeDep ROOT ms@2.1.3 OK for: debug@4.4.3 want: ^2.1.3
382 silly placeDep ROOT depd@2.0.0 OK for: http-errors@2.0.0 want: 2.0.0
383 silly placeDep ROOT inherits@2.0.4 OK for: http-errors@2.0.0 want: 2.0.4
384 silly placeDep ROOT setprototypeof@1.2.0 OK for: http-errors@2.0.0 want: 1.2.0
385 silly placeDep node_modules/http-errors statuses@2.0.1 OK for: http-errors@2.0.0 want: 2.0.1
386 silly placeDep ROOT toidentifier@1.0.1 OK for: http-errors@2.0.0 want: 1.0.1
387 silly placeDep ROOT safer-buffer@2.1.2 OK for: iconv-lite@0.6.3 want: >= 2.1.2 < 3.0.0
388 silly placeDep ROOT jws@3.2.2 OK for: jsonwebtoken@9.0.2 want: ^3.2.2
389 silly placeDep ROOT lodash.includes@4.3.0 OK for: jsonwebtoken@9.0.2 want: ^4.3.0
390 silly placeDep ROOT lodash.isboolean@3.0.3 OK for: jsonwebtoken@9.0.2 want: ^3.0.3
391 silly placeDep ROOT lodash.isinteger@4.0.4 OK for: jsonwebtoken@9.0.2 want: ^4.0.4
392 silly placeDep ROOT lodash.isnumber@3.0.3 OK for: jsonwebtoken@9.0.2 want: ^3.0.3
393 silly placeDep ROOT lodash.isplainobject@4.0.6 OK for: jsonwebtoken@9.0.2 want: ^4.0.6
394 silly placeDep ROOT lodash.isstring@4.0.1 OK for: jsonwebtoken@9.0.2 want: ^4.0.1
395 silly placeDep ROOT lodash.once@4.1.1 OK for: jsonwebtoken@9.0.2 want: ^4.0.0
396 silly placeDep ROOT semver@7.7.2 OK for: jsonwebtoken@9.0.2 want: ^7.5.4
397 silly fetch manifest jwa@^1.4.1
398 silly packumentCache full:https://registry.npmjs.org/jwa cache-miss
399 http fetch GET 200 https://registry.npmjs.org/jwa 253ms (cache revalidated)
400 silly packumentCache full:https://registry.npmjs.org/jwa set size:39956 disposed:false
401 silly placeDep ROOT jwa@1.4.2 OK for: jws@3.2.2 want: ^1.4.1
402 silly fetch manifest ecdsa-sig-formatter@1.0.11
403 silly packumentCache full:https://registry.npmjs.org/ecdsa-sig-formatter cache-miss
404 silly fetch manifest buffer-equal-constant-time@^1.0.1
405 silly packumentCache full:https://registry.npmjs.org/buffer-equal-constant-time cache-miss
406 http fetch GET 200 https://registry.npmjs.org/ecdsa-sig-formatter 264ms (cache revalidated)
407 silly packumentCache full:https://registry.npmjs.org/ecdsa-sig-formatter set size:23546 disposed:false
408 http fetch GET 200 https://registry.npmjs.org/buffer-equal-constant-time 266ms (cache revalidated)
409 silly packumentCache full:https://registry.npmjs.org/buffer-equal-constant-time set size:4390 disposed:false
410 silly placeDep ROOT buffer-equal-constant-time@1.0.1 OK for: jwa@1.4.2 want: ^1.0.1
411 silly placeDep ROOT ecdsa-sig-formatter@1.0.11 OK for: jwa@1.4.2 want: 1.0.11
412 silly placeDep ROOT mime-db@1.54.0 OK for: mime-types@3.0.1 want: ^1.54.0
413 silly fetch manifest @aws-sdk/credential-providers@^3.188.0
414 silly packumentCache full:https://registry.npmjs.org/@aws-sdk%2fcredential-providers cache-miss
415 http fetch GET 200 https://registry.npmjs.org/@aws-sdk%2fcredential-providers 418ms (cache revalidated)
416 silly packumentCache full:https://registry.npmjs.org/@aws-sdk%2fcredential-providers set size:1627425 disposed:false
417 silly fetch manifest @mongodb-js/zstd@^1.1.0 || ^2.0.0
418 silly packumentCache full:https://registry.npmjs.org/@mongodb-js%2fzstd cache-miss
419 http fetch GET 200 https://registry.npmjs.org/@mongodb-js%2fzstd 398ms (cache revalidated)
420 silly packumentCache full:https://registry.npmjs.org/@mongodb-js%2fzstd set size:91033 disposed:false
421 silly fetch manifest gcp-metadata@^5.2.0
422 silly packumentCache full:https://registry.npmjs.org/gcp-metadata cache-miss
423 http fetch GET 200 https://registry.npmjs.org/gcp-metadata 257ms (cache revalidated)
424 silly packumentCache full:https://registry.npmjs.org/gcp-metadata set size:182287 disposed:false
425 silly fetch manifest kerberos@^2.0.1
426 silly packumentCache full:https://registry.npmjs.org/kerberos cache-miss
427 http fetch GET 200 https://registry.npmjs.org/kerberos 237ms (cache revalidated)
428 silly packumentCache full:https://registry.npmjs.org/kerberos set size:110721 disposed:false
429 silly fetch manifest mongodb-client-encryption@>=6.0.0 <7
430 silly packumentCache full:https://registry.npmjs.org/mongodb-client-encryption cache-miss
431 http fetch GET 200 https://registry.npmjs.org/mongodb-client-encryption 262ms (cache revalidated)
432 silly packumentCache full:https://registry.npmjs.org/mongodb-client-encryption set size:251794 disposed:false
433 silly fetch manifest snappy@^7.2.2
434 silly packumentCache full:https://registry.npmjs.org/snappy cache-miss
435 http fetch GET 200 https://registry.npmjs.org/snappy 247ms (cache revalidated)
436 silly packumentCache full:https://registry.npmjs.org/snappy set size:185121 disposed:false
437 silly fetch manifest socks@^2.7.1
438 silly packumentCache full:https://registry.npmjs.org/socks cache-miss
439 http fetch GET 200 https://registry.npmjs.org/socks 228ms (cache revalidated)
440 silly packumentCache full:https://registry.npmjs.org/socks set size:168523 disposed:false
441 silly placeDep ROOT bson@6.10.4 OK for: mongoose@8.18.1 want: ^6.10.4
442 silly placeDep ROOT kareem@2.6.3 OK for: mongoose@8.18.1 want: 2.6.3
443 silly placeDep ROOT mongodb@6.18.0 OK for: mongoose@8.18.1 want: ~6.18.0
444 silly placeDep ROOT mpath@0.9.0 OK for: mongoose@8.18.1 want: 0.9.0
445 silly placeDep ROOT mquery@5.0.0 OK for: mongoose@8.18.1 want: 5.0.0
446 silly placeDep ROOT sift@17.1.3 OK for: mongoose@8.18.1 want: 17.1.3
447 silly fetch manifest @mongodb-js/saslprep@^1.1.9
448 silly packumentCache full:https://registry.npmjs.org/@mongodb-js%2fsaslprep cache-miss
449 silly fetch manifest mongodb-connection-string-url@^3.0.0
450 silly packumentCache full:https://registry.npmjs.org/mongodb-connection-string-url cache-miss
451 http fetch GET 200 https://registry.npmjs.org/mongodb-connection-string-url 316ms (cache revalidated)
452 silly packumentCache full:https://registry.npmjs.org/mongodb-connection-string-url set size:115682 disposed:false
453 http fetch GET 200 https://registry.npmjs.org/@mongodb-js%2fsaslprep 338ms (cache revalidated)
454 silly packumentCache full:https://registry.npmjs.org/@mongodb-js%2fsaslprep set size:64851 disposed:false
455 silly placeDep ROOT @mongodb-js/saslprep@1.3.0 OK for: mongodb@6.18.0 want: ^1.1.9
456 silly placeDep ROOT mongodb-connection-string-url@3.0.2 OK for: mongodb@6.18.0 want: ^3.0.0
457 silly fetch manifest sparse-bitfield@^3.0.3
458 silly packumentCache full:https://registry.npmjs.org/sparse-bitfield cache-miss
459 silly fetch manifest whatwg-url@^14.1.0 || ^13.0.0
460 silly packumentCache full:https://registry.npmjs.org/whatwg-url cache-miss
461 silly fetch manifest @types/whatwg-url@^11.0.2
462 silly packumentCache full:https://registry.npmjs.org/@types%2fwhatwg-url cache-miss
463 http fetch GET 200 https://registry.npmjs.org/@types%2fwhatwg-url 298ms (cache revalidated)
464 silly packumentCache full:https://registry.npmjs.org/@types%2fwhatwg-url set size:25750 disposed:false
465 http fetch GET 200 https://registry.npmjs.org/whatwg-url 332ms (cache revalidated)
466 silly packumentCache full:https://registry.npmjs.org/whatwg-url set size:165406 disposed:false
467 http fetch GET 200 https://registry.npmjs.org/sparse-bitfield 357ms (cache revalidated)
468 silly packumentCache full:https://registry.npmjs.org/sparse-bitfield set size:18366 disposed:false
469 silly placeDep ROOT sparse-bitfield@3.0.3 OK for: @mongodb-js/saslprep@1.3.0 want: ^3.0.3
470 silly fetch manifest memory-pager@^1.0.2
471 silly packumentCache full:https://registry.npmjs.org/memory-pager cache-miss
472 http fetch GET 200 https://registry.npmjs.org/memory-pager 274ms (cache revalidated)
473 silly packumentCache full:https://registry.npmjs.org/memory-pager set size:21090 disposed:false
474 silly placeDep ROOT @types/whatwg-url@11.0.5 OK for: mongodb-connection-string-url@3.0.2 want: ^11.0.2
475 silly placeDep ROOT whatwg-url@14.2.0 OK for: mongodb-connection-string-url@3.0.2 want: ^14.1.0 || ^13.0.0
476 silly fetch manifest @types/webidl-conversions@*
477 silly packumentCache full:https://registry.npmjs.org/@types%2fwebidl-conversions cache-miss
478 silly fetch manifest tr46@^5.1.0
479 silly packumentCache full:https://registry.npmjs.org/tr46 cache-miss
480 silly fetch manifest webidl-conversions@^7.0.0
481 silly packumentCache full:https://registry.npmjs.org/webidl-conversions cache-miss
482 http fetch GET 200 https://registry.npmjs.org/tr46 302ms (cache revalidated)
483 silly packumentCache full:https://registry.npmjs.org/tr46 set size:47377 disposed:false
484 http fetch GET 200 https://registry.npmjs.org/webidl-conversions 305ms (cache revalidated)
485 silly packumentCache full:https://registry.npmjs.org/webidl-conversions set size:43893 disposed:false
486 http fetch GET 200 https://registry.npmjs.org/@types%2fwebidl-conversions 313ms (cache revalidated)
487 silly packumentCache full:https://registry.npmjs.org/@types%2fwebidl-conversions set size:22935 disposed:false
488 silly placeDep ROOT @types/webidl-conversions@7.0.3 OK for: @types/whatwg-url@11.0.5 want: *
489 silly placeDep ROOT ee-first@1.1.1 OK for: on-finished@2.4.1 want: 1.1.1
490 silly placeDep ROOT wrappy@1.0.2 OK for: once@1.4.0 want: 1
491 silly placeDep ROOT forwarded@0.2.0 OK for: proxy-addr@2.0.7 want: 0.2.0
492 silly placeDep ROOT ipaddr.js@1.9.1 OK for: proxy-addr@2.0.7 want: 1.9.1
493 silly placeDep ROOT side-channel@1.1.0 OK for: qs@6.14.0 want: ^1.1.0
494 silly fetch manifest es-errors@^1.3.0
495 silly packumentCache full:https://registry.npmjs.org/es-errors cache-miss
496 silly fetch manifest object-inspect@^1.13.3
497 silly packumentCache full:https://registry.npmjs.org/object-inspect cache-miss
498 silly fetch manifest side-channel-list@^1.0.0
499 silly packumentCache full:https://registry.npmjs.org/side-channel-list cache-miss
500 silly fetch manifest side-channel-map@^1.0.1
501 silly packumentCache full:https://registry.npmjs.org/side-channel-map cache-miss
502 silly fetch manifest side-channel-weakmap@^1.0.2
503 silly packumentCache full:https://registry.npmjs.org/side-channel-weakmap cache-miss
504 http fetch GET 200 https://registry.npmjs.org/es-errors 244ms (cache revalidated)
505 silly packumentCache full:https://registry.npmjs.org/es-errors set size:16918 disposed:false
506 http fetch GET 200 https://registry.npmjs.org/side-channel-list 254ms (cache revalidated)
507 silly packumentCache full:https://registry.npmjs.org/side-channel-list set size:6005 disposed:false
508 http fetch GET 200 https://registry.npmjs.org/side-channel-map 261ms (cache revalidated)
509 silly packumentCache full:https://registry.npmjs.org/side-channel-map set size:9126 disposed:false
510 http fetch GET 200 https://registry.npmjs.org/side-channel-weakmap 262ms (cache revalidated)
511 silly packumentCache full:https://registry.npmjs.org/side-channel-weakmap set size:12620 disposed:false
512 http fetch GET 200 https://registry.npmjs.org/object-inspect 1181ms (cache revalidated)
513 silly packumentCache full:https://registry.npmjs.org/object-inspect set size:101912 disposed:false
514 silly placeDep node_modules/raw-body iconv-lite@0.7.0 OK for: raw-body@3.0.1 want: 0.7.0
515 silly placeDep ROOT unpipe@1.0.0 OK for: raw-body@3.0.1 want: 1.0.0
516 silly placeDep ROOT is-promise@4.0.0 OK for: router@2.2.0 want: ^4.0.0
517 silly placeDep ROOT path-to-regexp@8.3.0 OK for: router@2.2.0 want: ^8.0.0
518 silly placeDep ROOT es-errors@1.3.0 OK for: side-channel@1.1.0 want: ^1.3.0
519 silly placeDep ROOT object-inspect@1.13.4 OK for: side-channel@1.1.0 want: ^1.13.3
520 silly placeDep ROOT side-channel-list@1.0.0 OK for: side-channel@1.1.0 want: ^1.0.0
521 silly placeDep ROOT side-channel-map@1.0.1 OK for: side-channel@1.1.0 want: ^1.0.1
522 silly placeDep ROOT side-channel-weakmap@1.0.2 OK for: side-channel@1.1.0 want: ^1.0.2
523 silly fetch manifest call-bound@^1.0.2
524 silly packumentCache full:https://registry.npmjs.org/call-bound cache-miss
525 silly fetch manifest get-intrinsic@^1.2.5
526 silly packumentCache full:https://registry.npmjs.org/get-intrinsic cache-miss
527 silly fetch manifest call-bound@^1.0.2
528 silly packumentCache full:https://registry.npmjs.org/call-bound cache-miss
529 silly fetch manifest get-intrinsic@^1.2.5
530 silly packumentCache full:https://registry.npmjs.org/get-intrinsic cache-miss
531 http fetch GET 200 https://registry.npmjs.org/call-bound 278ms (cache revalidated)
532 silly packumentCache full:https://registry.npmjs.org/call-bound set size:15317 disposed:false
533 http fetch GET 200 https://registry.npmjs.org/call-bound 279ms (cache revalidated)
534 silly packumentCache full:https://registry.npmjs.org/call-bound set size:15317 disposed:false
535 silly packumentCache full:https://registry.npmjs.org/call-bound dispose
536 http fetch GET 200 https://registry.npmjs.org/get-intrinsic 282ms (cache revalidated)
537 silly packumentCache full:https://registry.npmjs.org/get-intrinsic set size:57687 disposed:false
538 http fetch GET 200 https://registry.npmjs.org/get-intrinsic 288ms (cache revalidated)
539 silly packumentCache full:https://registry.npmjs.org/get-intrinsic set size:57687 disposed:false
540 silly packumentCache full:https://registry.npmjs.org/get-intrinsic dispose
541 silly placeDep ROOT call-bound@1.0.4 OK for: side-channel-map@1.0.1 want: ^1.0.2
542 silly placeDep ROOT get-intrinsic@1.3.0 OK for: side-channel-map@1.0.1 want: ^1.2.5
543 silly fetch manifest call-bind-apply-helpers@^1.0.2
544 silly packumentCache full:https://registry.npmjs.org/call-bind-apply-helpers cache-miss
545 silly fetch manifest get-intrinsic@^1.3.0
546 silly packumentCache full:https://registry.npmjs.org/get-intrinsic cache-hit
547 silly fetch manifest call-bind-apply-helpers@^1.0.2
548 silly packumentCache full:https://registry.npmjs.org/call-bind-apply-helpers cache-miss
549 silly fetch manifest es-define-property@^1.0.1
550 silly packumentCache full:https://registry.npmjs.org/es-define-property cache-miss
551 silly fetch manifest es-object-atoms@^1.1.1
552 silly packumentCache full:https://registry.npmjs.org/es-object-atoms cache-miss
553 silly fetch manifest function-bind@^1.1.2
554 silly packumentCache full:https://registry.npmjs.org/function-bind cache-miss
555 silly fetch manifest get-proto@^1.0.1
556 silly packumentCache full:https://registry.npmjs.org/get-proto cache-miss
557 silly fetch manifest gopd@^1.2.0
558 silly packumentCache full:https://registry.npmjs.org/gopd cache-miss
559 http fetch GET 200 https://registry.npmjs.org/call-bind-apply-helpers 243ms (cache revalidated)
560 silly packumentCache full:https://registry.npmjs.org/call-bind-apply-helpers set size:12744 disposed:false
561 silly fetch manifest has-symbols@^1.1.0
562 silly packumentCache full:https://registry.npmjs.org/has-symbols cache-miss
563 http fetch GET 200 https://registry.npmjs.org/call-bind-apply-helpers 308ms (cache revalidated)
564 silly packumentCache full:https://registry.npmjs.org/call-bind-apply-helpers set size:12744 disposed:false
565 silly packumentCache full:https://registry.npmjs.org/call-bind-apply-helpers dispose
566 silly fetch manifest hasown@^2.0.2
567 silly packumentCache full:https://registry.npmjs.org/hasown cache-miss
568 http fetch GET 200 https://registry.npmjs.org/es-object-atoms 309ms (cache revalidated)
569 silly packumentCache full:https://registry.npmjs.org/es-object-atoms set size:15304 disposed:false
570 silly fetch manifest math-intrinsics@^1.1.0
571 silly packumentCache full:https://registry.npmjs.org/math-intrinsics cache-miss
572 http fetch GET 200 https://registry.npmjs.org/es-define-property 312ms (cache revalidated)
573 silly packumentCache full:https://registry.npmjs.org/es-define-property set size:8542 disposed:false
574 http fetch GET 200 https://registry.npmjs.org/get-proto 312ms (cache revalidated)
575 silly packumentCache full:https://registry.npmjs.org/get-proto set size:8300 disposed:false
576 http fetch GET 200 https://registry.npmjs.org/has-symbols 257ms (cache revalidated)
577 silly packumentCache full:https://registry.npmjs.org/has-symbols set size:21550 disposed:false
578 http fetch GET 200 https://registry.npmjs.org/math-intrinsics 245ms (cache revalidated)
579 silly packumentCache full:https://registry.npmjs.org/math-intrinsics set size:9265 disposed:false
580 http fetch GET 200 https://registry.npmjs.org/hasown 690ms (cache revalidated)
581 silly packumentCache full:https://registry.npmjs.org/hasown set size:12476 disposed:false
